[debug] [2020-01-24T16:34:27.242Z] ----------------------------------------------------------------------
[debug] [2020-01-24T16:34:27.245Z] Command:       C:\Program Files\nodejs\node.exe C:\Users\S-KIRAN\AppData\Roaming\npm\node_modules\firebase-tools\lib\bin\firebase.js serve --only functions
[debug] [2020-01-24T16:34:27.245Z] CLI Version:   7.12.1
[debug] [2020-01-24T16:34:27.246Z] Platform:      win32
[debug] [2020-01-24T16:34:27.246Z] Node Version:  v10.15.3
[debug] [2020-01-24T16:34:27.247Z] Time:          Fri Jan 24 2020 22:04:27 GMT+0530 (India Standard Time)
[debug] [2020-01-24T16:34:27.247Z] ----------------------------------------------------------------------
[debug] [2020-01-24T16:34:27.247Z] 
[debug] [2020-01-24T16:34:27.260Z] > command requires scopes: ["email","openid","https://www.googleapis.com/auth/cloudplatformprojects.readonly","https://www.googleapis.com/auth/firebase","https://www.googleapis.com/auth/cloud-platform"]
[debug] [2020-01-24T16:34:27.260Z] > authorizing via signed-in user
[debug] [2020-01-24T16:34:27.260Z] [iam] checking project socializer-e77ce for permissions ["firebase.projects.get"]
[debug] [2020-01-24T16:34:27.263Z] >>> HTTP REQUEST POST https://cloudresourcemanager.googleapis.com/v1/projects/socializer-e77ce:testIamPermissions  

[debug] [2020-01-24T16:34:29.057Z] <<< HTTP RESPONSE 200
[debug] [2020-01-24T16:34:29.059Z] >>> HTTP REQUEST GET https://firebase.googleapis.com/v1beta1/projects/socializer-e77ce  
 
[debug] [2020-01-24T16:34:29.712Z] <<< HTTP RESPONSE 200
[info] +  functions: Using node@10 from host.
[info] +  functions: Emulator started at http://localhost:5000
[info] i  functions: Watching "F:\socializer-functions\functions" for Cloud Functions...
[debug] [2020-01-24T16:34:32.273Z] [worker-pool] addWorker(~diagnostic~)
[debug] [2020-01-24T16:34:32.273Z] [worker-pool] Adding worker with key ~diagnostic~, total=1
[debug] [2020-01-24T16:34:32.273Z] [worker-pool] submitWork(triggerId=)
[debug] [2020-01-24T16:34:32.274Z] [worker-~diagnostic~-ea1a20f3-3772-49d0-b6f1-7d3b8e0cd69c]: Assigning socketPath: \\?\pipe\F:\socializer-functions\functions\1236
[debug] [2020-01-24T16:34:32.274Z] [worker-~diagnostic~-ea1a20f3-3772-49d0-b6f1-7d3b8e0cd69c]: BUSY
[debug] [2020-01-24T16:34:33.149Z] [runtime-status] [1236] Functions runtime initialized. {"cwd":"F:\\socializer-functions\\functions","node_version":"10.15.3"}
[debug] [2020-01-24T16:34:33.151Z] [runtime-status] [1236] Disabled runtime features: {"functions_config_helper":true,"network_filtering":true,"timeout":true,"memory_limiting":true,"admin_stubs":true,"pubsub_emulator":true}
[debug] [2020-01-24T16:34:33.155Z] [runtime-status] [1236] Resolved module firebase-admin {"declared":true,"installed":true,"version":"8.9.1","resolution":"F:\\socializer-functions\\functions\\node_modules\\firebase-admin\\lib\\index.js"}
[debug] [2020-01-24T16:34:33.157Z] [runtime-status] [1236] Resolved module firebase-functions {"declared":true,"installed":true,"version":"3.3.0","resolution":"F:\\socializer-functions\\functions\\node_modules\\firebase-functions\\lib\\index.js"}
[warn] !  functions: Your GOOGLE_APPLICATION_CREDENTIALS environment variable points to C:\Users\S-KIRAN\Desktop\socializer_credentials.json. Non-emulated services will access production using these credentials. Be careful!
[debug] [2020-01-24T16:34:33.159Z] [runtime-status] [1236] Resolved module firebase-functions {"declared":true,"installed":true,"version":"3.3.0","resolution":"F:\\socializer-functions\\functions\\node_modules\\firebase-functions\\lib\\index.js"}
[info] +  functions[api]: http function initialized (http://localhost:5000/socializer-e77ce/us-central1/api).
[debug] [2020-01-24T16:34:34.208Z] [worker-~diagnostic~-ea1a20f3-3772-49d0-b6f1-7d3b8e0cd69c]: IDLE
[debug] [2020-01-24T16:35:03.371Z] [work-queue] {"queueLength":1,"workRunningCount":0}
[debug] [2020-01-24T16:35:03.371Z] [work-queue] {"queueLength":0,"workRunningCount":1}
[debug] [2020-01-24T16:35:03.372Z] Accepted request POST /socializer-e77ce/us-central1/api/posts --> api
[debug] [2020-01-24T16:35:03.403Z] [worker-pool] addWorker(api)
[debug] [2020-01-24T16:35:03.403Z] [worker-pool] Adding worker with key api, total=1
[debug] [2020-01-24T16:35:03.403Z] [worker-pool] submitWork(triggerId=api)
[debug] [2020-01-24T16:35:03.403Z] [worker-api-49569cd5-8f36-4821-9449-4c907b50580c]: Assigning socketPath: \\?\pipe\F:\socializer-functions\functions\7120
[debug] [2020-01-24T16:35:03.403Z] [worker-api-49569cd5-8f36-4821-9449-4c907b50580c]: BUSY
[debug] [2020-01-24T16:35:04.198Z] [runtime-status] [7120] Functions runtime initialized. {"cwd":"F:\\socializer-functions\\functions","node_version":"10.15.3"}
[debug] [2020-01-24T16:35:04.201Z] [runtime-status] [7120] Disabled runtime features: {"functions_config_helper":true,"network_filtering":true,"timeout":true,"memory_limiting":true,"admin_stubs":true,"pubsub_emulator":true}
[debug] [2020-01-24T16:35:04.209Z] [runtime-status] [7120] Resolved module firebase-admin {"declared":true,"installed":true,"version":"8.9.1","resolution":"F:\\socializer-functions\\functions\\node_modules\\firebase-admin\\lib\\index.js"}
[debug] [2020-01-24T16:35:04.211Z] [runtime-status] [7120] Resolved module firebase-functions {"declared":true,"installed":true,"version":"3.3.0","resolution":"F:\\socializer-functions\\functions\\node_modules\\firebase-functions\\lib\\index.js"}
[warn] !  functions: Your GOOGLE_APPLICATION_CREDENTIALS environment variable points to C:\Users\S-KIRAN\Desktop\socializer_credentials.json. Non-emulated services will access production using these credentials. Be careful!
[debug] [2020-01-24T16:35:04.213Z] [runtime-status] [7120] Resolved module firebase-functions {"declared":true,"installed":true,"version":"3.3.0","resolution":"F:\\socializer-functions\\functions\\node_modules\\firebase-functions\\lib\\index.js"}
[debug] [2020-01-24T16:35:05.588Z] [runtime-status] [7120] Trigger "api" has been found, beginning invocation!
[info] i  functions: Beginning execution of "api"
[debug] [2020-01-24T16:35:05.590Z] [runtime-status] [7120] triggerDefinition {"httpsTrigger":{},"name":"api","entryPoint":"api"}
[debug] [2020-01-24T16:35:05.591Z] [runtime-status] [7120] Running api in mode HTTPS
[debug] [2020-01-24T16:35:05.604Z] [runtime-status] [7120] Attempting to listen to socketPath: \\?\pipe\F:\socializer-functions\functions\7120
[debug] [2020-01-24T16:35:05.626Z] [functions] Runtime ready! Sending request!
[debug] [2020-01-24T16:35:05.668Z] [runtime-status] [7120] Ephemeral server handling POST request
[debug] [2020-01-24T16:35:05.750Z] [runtime-status] [7120] Ephemeral server survived.
[info] i  functions: Finished "api" in ~2s
[debug] [2020-01-24T16:35:08.364Z] [worker-api-49569cd5-8f36-4821-9449-4c907b50580c]: IDLE
[debug] [2020-01-24T16:35:08.364Z] [work-queue] {"queueLength":0,"workRunningCount":0}
[debug] [2020-01-24T17:08:18.558Z] File F:\socializer-functions\functions\src\index.ts changed, reloading triggers
[debug] [2020-01-24T17:08:19.559Z] [worker-pool] Shutting down IDLE worker (~diagnostic~)
[debug] [2020-01-24T17:08:19.560Z] [worker-~diagnostic~-ea1a20f3-3772-49d0-b6f1-7d3b8e0cd69c]: FINISHING
[debug] [2020-01-24T17:08:19.560Z] [worker-pool] Shutting down IDLE worker (api)
[debug] [2020-01-24T17:08:19.560Z] [worker-api-49569cd5-8f36-4821-9449-4c907b50580c]: FINISHING
[debug] [2020-01-24T17:08:19.589Z] [worker-pool] addWorker(~diagnostic~)
[debug] [2020-01-24T17:08:19.589Z] [worker-pool] Adding worker with key ~diagnostic~, total=2
[debug] [2020-01-24T17:08:19.589Z] [worker-pool] submitWork(triggerId=)
[debug] [2020-01-24T17:08:19.590Z] [worker-~diagnostic~-40934dcb-0032-42c9-8407-b4b3edc6d11b]: Assigning socketPath: \\?\pipe\F:\socializer-functions\functions\11992
[debug] [2020-01-24T17:08:19.590Z] [worker-~diagnostic~-40934dcb-0032-42c9-8407-b4b3edc6d11b]: BUSY
[debug] [2020-01-24T17:08:19.592Z] [worker-~diagnostic~-ea1a20f3-3772-49d0-b6f1-7d3b8e0cd69c]: exited
[debug] [2020-01-24T17:08:19.592Z] [worker-~diagnostic~-ea1a20f3-3772-49d0-b6f1-7d3b8e0cd69c]: FINISHED
[debug] [2020-01-24T17:08:19.598Z] [worker-api-49569cd5-8f36-4821-9449-4c907b50580c]: exited
[debug] [2020-01-24T17:08:19.598Z] [worker-api-49569cd5-8f36-4821-9449-4c907b50580c]: FINISHED
[debug] [2020-01-24T17:08:20.956Z] [runtime-status] [11992] Functions runtime initialized. {"cwd":"F:\\socializer-functions\\functions","node_version":"10.15.3"}
[debug] [2020-01-24T17:08:20.962Z] [runtime-status] [11992] Disabled runtime features: {"functions_config_helper":true,"network_filtering":true,"timeout":true,"memory_limiting":true,"admin_stubs":true,"pubsub_emulator":true}
[debug] [2020-01-24T17:08:20.986Z] [runtime-status] [11992] Resolved module firebase-admin {"declared":true,"installed":true,"version":"8.9.1","resolution":"F:\\socializer-functions\\functions\\node_modules\\firebase-admin\\lib\\index.js"}
[debug] [2020-01-24T17:08:20.989Z] [runtime-status] [11992] Resolved module firebase-functions {"declared":true,"installed":true,"version":"3.3.0","resolution":"F:\\socializer-functions\\functions\\node_modules\\firebase-functions\\lib\\index.js"}
[warn] !  functions: Your GOOGLE_APPLICATION_CREDENTIALS environment variable points to C:\Users\S-KIRAN\Desktop\socializer_credentials.json. Non-emulated services will access production using these credentials. Be careful!
[debug] [2020-01-24T17:08:21.022Z] [runtime-status] [11992] Resolved module firebase-functions {"declared":true,"installed":true,"version":"3.3.0","resolution":"F:\\socializer-functions\\functions\\node_modules\\firebase-functions\\lib\\index.js"}
[debug] [2020-01-24T17:08:23.105Z] [worker-~diagnostic~-40934dcb-0032-42c9-8407-b4b3edc6d11b]: IDLE
[debug] [2020-01-24T17:18:25.678Z] File F:\socializer-functions\functions\src\index.ts changed, reloading triggers
[debug] [2020-01-24T17:18:25.804Z] File F:\socializer-functions\functions\src\index.ts changed, reloading triggers
[debug] [2020-01-24T17:18:26.805Z] [worker-pool] Shutting down IDLE worker (~diagnostic~)
[debug] [2020-01-24T17:18:26.805Z] [worker-~diagnostic~-40934dcb-0032-42c9-8407-b4b3edc6d11b]: FINISHING
[debug] [2020-01-24T17:18:26.806Z] [worker-pool] Cleaned up workers for ~diagnostic~: 2 --> 1
[debug] [2020-01-24T17:18:26.806Z] [worker-pool] Cleaned up workers for api: 1 --> 0
[debug] [2020-01-24T17:18:26.824Z] [worker-pool] addWorker(~diagnostic~)
[debug] [2020-01-24T17:18:26.824Z] [worker-pool] Adding worker with key ~diagnostic~, total=2
[debug] [2020-01-24T17:18:26.824Z] [worker-pool] submitWork(triggerId=)
[debug] [2020-01-24T17:18:26.824Z] [worker-~diagnostic~-577a3256-75bb-470c-aa68-a4f81c587d50]: Assigning socketPath: \\?\pipe\F:\socializer-functions\functions\1260
[debug] [2020-01-24T17:18:26.824Z] [worker-~diagnostic~-577a3256-75bb-470c-aa68-a4f81c587d50]: BUSY
[debug] [2020-01-24T17:18:26.825Z] [worker-~diagnostic~-40934dcb-0032-42c9-8407-b4b3edc6d11b]: exited
[debug] [2020-01-24T17:18:26.825Z] [worker-~diagnostic~-40934dcb-0032-42c9-8407-b4b3edc6d11b]: FINISHED
[debug] [2020-01-24T17:18:27.597Z] File F:\socializer-functions\functions\utils\admin.ts changed, reloading triggers
[debug] [2020-01-24T17:18:28.387Z] [runtime-status] [1260] Functions runtime initialized. {"cwd":"F:\\socializer-functions\\functions","node_version":"10.15.3"}
[debug] [2020-01-24T17:18:28.391Z] [runtime-status] [1260] Disabled runtime features: {"functions_config_helper":true,"network_filtering":true,"timeout":true,"memory_limiting":true,"admin_stubs":true,"pubsub_emulator":true}
[debug] [2020-01-24T17:18:28.396Z] [runtime-status] [1260] Resolved module firebase-admin {"declared":true,"installed":true,"version":"8.9.1","resolution":"F:\\socializer-functions\\functions\\node_modules\\firebase-admin\\lib\\index.js"}
[debug] [2020-01-24T17:18:28.399Z] [runtime-status] [1260] Resolved module firebase-functions {"declared":true,"installed":true,"version":"3.3.0","resolution":"F:\\socializer-functions\\functions\\node_modules\\firebase-functions\\lib\\index.js"}
[warn] !  functions: Your GOOGLE_APPLICATION_CREDENTIALS environment variable points to C:\Users\S-KIRAN\Desktop\socializer_credentials.json. Non-emulated services will access production using these credentials. Be careful!
[debug] [2020-01-24T17:18:28.417Z] [runtime-status] [1260] Resolved module firebase-functions {"declared":true,"installed":true,"version":"3.3.0","resolution":"F:\\socializer-functions\\functions\\node_modules\\firebase-functions\\lib\\index.js"}
[debug] [2020-01-24T17:18:28.598Z] [worker-pool] Marking BUSY worker to finish (~diagnostic~)
[debug] [2020-01-24T17:18:28.599Z] [worker-~diagnostic~-577a3256-75bb-470c-aa68-a4f81c587d50]: FINISHING
[debug] [2020-01-24T17:18:28.599Z] [worker-pool] Cleaned up workers for ~diagnostic~: 2 --> 1
[debug] [2020-01-24T17:18:28.622Z] [worker-pool] addWorker(~diagnostic~)
[debug] [2020-01-24T17:18:28.622Z] [worker-pool] Adding worker with key ~diagnostic~, total=2
[debug] [2020-01-24T17:18:28.623Z] [worker-pool] submitWork(triggerId=)
[debug] [2020-01-24T17:18:28.623Z] [worker-~diagnostic~-097b0893-06bf-4c3b-a39a-65f5cced2314]: Assigning socketPath: \\?\pipe\F:\socializer-functions\functions\11128
[debug] [2020-01-24T17:18:28.623Z] [worker-~diagnostic~-097b0893-06bf-4c3b-a39a-65f5cced2314]: BUSY
[debug] [2020-01-24T17:18:30.200Z] [runtime-status] [11128] Functions runtime initialized. {"cwd":"F:\\socializer-functions\\functions","node_version":"10.15.3"}
[debug] [2020-01-24T17:18:30.206Z] [runtime-status] [11128] Disabled runtime features: {"functions_config_helper":true,"network_filtering":true,"timeout":true,"memory_limiting":true,"admin_stubs":true,"pubsub_emulator":true}
[debug] [2020-01-24T17:18:30.211Z] [runtime-status] [11128] Resolved module firebase-admin {"declared":true,"installed":true,"version":"8.9.1","resolution":"F:\\socializer-functions\\functions\\node_modules\\firebase-admin\\lib\\index.js"}
[debug] [2020-01-24T17:18:30.214Z] [runtime-status] [11128] Resolved module firebase-functions {"declared":true,"installed":true,"version":"3.3.0","resolution":"F:\\socializer-functions\\functions\\node_modules\\firebase-functions\\lib\\index.js"}
[warn] !  functions: Your GOOGLE_APPLICATION_CREDENTIALS environment variable points to C:\Users\S-KIRAN\Desktop\socializer_credentials.json. Non-emulated services will access production using these credentials. Be careful!
[debug] [2020-01-24T17:18:30.243Z] [runtime-status] [11128] Resolved module firebase-functions {"declared":true,"installed":true,"version":"3.3.0","resolution":"F:\\socializer-functions\\functions\\node_modules\\firebase-functions\\lib\\index.js"}
[debug] [2020-01-24T17:18:30.681Z] File F:\socializer-functions\functions\src\index.ts changed, reloading triggers
[debug] [2020-01-24T17:18:30.814Z] [worker-~diagnostic~-577a3256-75bb-470c-aa68-a4f81c587d50]: IDLE --> FINISHING
[debug] [2020-01-24T17:18:30.954Z] [worker-~diagnostic~-577a3256-75bb-470c-aa68-a4f81c587d50]: exited
[debug] [2020-01-24T17:18:30.954Z] [worker-~diagnostic~-577a3256-75bb-470c-aa68-a4f81c587d50]: FINISHED
[debug] [2020-01-24T17:18:31.681Z] [worker-pool] Marking BUSY worker to finish (~diagnostic~)
[debug] [2020-01-24T17:18:31.681Z] [worker-~diagnostic~-097b0893-06bf-4c3b-a39a-65f5cced2314]: FINISHING
[debug] [2020-01-24T17:18:31.681Z] [worker-pool] Cleaned up workers for ~diagnostic~: 2 --> 1
[debug] [2020-01-24T17:18:31.704Z] [worker-pool] addWorker(~diagnostic~)
[debug] [2020-01-24T17:18:31.704Z] [worker-pool] Adding worker with key ~diagnostic~, total=2
[debug] [2020-01-24T17:18:31.704Z] [worker-pool] submitWork(triggerId=)
[debug] [2020-01-24T17:18:31.704Z] [worker-~diagnostic~-afb3d1ad-e484-4061-8979-a1ca35c5005a]: Assigning socketPath: \\?\pipe\F:\socializer-functions\functions\12280
[debug] [2020-01-24T17:18:31.704Z] [worker-~diagnostic~-afb3d1ad-e484-4061-8979-a1ca35c5005a]: BUSY
[debug] [2020-01-24T17:18:32.029Z] [worker-~diagnostic~-097b0893-06bf-4c3b-a39a-65f5cced2314]: IDLE --> FINISHING
[debug] [2020-01-24T17:18:32.040Z] [worker-~diagnostic~-097b0893-06bf-4c3b-a39a-65f5cced2314]: exited
[debug] [2020-01-24T17:18:32.041Z] [worker-~diagnostic~-097b0893-06bf-4c3b-a39a-65f5cced2314]: FINISHED
[debug] [2020-01-24T17:18:32.523Z] [runtime-status] [12280] Functions runtime initialized. {"cwd":"F:\\socializer-functions\\functions","node_version":"10.15.3"}
[debug] [2020-01-24T17:18:32.529Z] [runtime-status] [12280] Disabled runtime features: {"functions_config_helper":true,"network_filtering":true,"timeout":true,"memory_limiting":true,"admin_stubs":true,"pubsub_emulator":true}
[debug] [2020-01-24T17:18:32.537Z] [runtime-status] [12280] Resolved module firebase-admin {"declared":true,"installed":true,"version":"8.9.1","resolution":"F:\\socializer-functions\\functions\\node_modules\\firebase-admin\\lib\\index.js"}
[debug] [2020-01-24T17:18:32.540Z] [runtime-status] [12280] Resolved module firebase-functions {"declared":true,"installed":true,"version":"3.3.0","resolution":"F:\\socializer-functions\\functions\\node_modules\\firebase-functions\\lib\\index.js"}
[warn] !  functions: Your GOOGLE_APPLICATION_CREDENTIALS environment variable points to C:\Users\S-KIRAN\Desktop\socializer_credentials.json. Non-emulated services will access production using these credentials. Be careful!
[debug] [2020-01-24T17:18:32.542Z] [runtime-status] [12280] Resolved module firebase-functions {"declared":true,"installed":true,"version":"3.3.0","resolution":"F:\\socializer-functions\\functions\\node_modules\\firebase-functions\\lib\\index.js"}
[debug] [2020-01-24T17:18:33.741Z] [worker-~diagnostic~-afb3d1ad-e484-4061-8979-a1ca35c5005a]: IDLE
[debug] [2020-01-24T17:18:34.729Z] File F:\socializer-functions\functions\utils\admin.ts changed, reloading triggers
[debug] [2020-01-24T17:18:35.730Z] [worker-pool] Shutting down IDLE worker (~diagnostic~)
[debug] [2020-01-24T17:18:35.730Z] [worker-~diagnostic~-afb3d1ad-e484-4061-8979-a1ca35c5005a]: FINISHING
[debug] [2020-01-24T17:18:35.730Z] [worker-pool] Cleaned up workers for ~diagnostic~: 2 --> 1
[debug] [2020-01-24T17:18:35.749Z] [worker-pool] addWorker(~diagnostic~)
[debug] [2020-01-24T17:18:35.749Z] [worker-pool] Adding worker with key ~diagnostic~, total=2
[debug] [2020-01-24T17:18:35.749Z] [worker-pool] submitWork(triggerId=)
[debug] [2020-01-24T17:18:35.750Z] [worker-~diagnostic~-78b21d6a-8abf-4984-b0d5-c72903831044]: Assigning socketPath: \\?\pipe\F:\socializer-functions\functions\10624
[debug] [2020-01-24T17:18:35.750Z] [worker-~diagnostic~-78b21d6a-8abf-4984-b0d5-c72903831044]: BUSY
[debug] [2020-01-24T17:18:35.750Z] [worker-~diagnostic~-afb3d1ad-e484-4061-8979-a1ca35c5005a]: exited
[debug] [2020-01-24T17:18:35.750Z] [worker-~diagnostic~-afb3d1ad-e484-4061-8979-a1ca35c5005a]: FINISHED
[debug] [2020-01-24T17:18:36.436Z] [runtime-status] [10624] Functions runtime initialized. {"cwd":"F:\\socializer-functions\\functions","node_version":"10.15.3"}
[debug] [2020-01-24T17:18:36.439Z] [runtime-status] [10624] Disabled runtime features: {"functions_config_helper":true,"network_filtering":true,"timeout":true,"memory_limiting":true,"admin_stubs":true,"pubsub_emulator":true}
[debug] [2020-01-24T17:18:36.443Z] [runtime-status] [10624] Resolved module firebase-admin {"declared":true,"installed":true,"version":"8.9.1","resolution":"F:\\socializer-functions\\functions\\node_modules\\firebase-admin\\lib\\index.js"}
[debug] [2020-01-24T17:18:36.446Z] [runtime-status] [10624] Resolved module firebase-functions {"declared":true,"installed":true,"version":"3.3.0","resolution":"F:\\socializer-functions\\functions\\node_modules\\firebase-functions\\lib\\index.js"}
[warn] !  functions: Your GOOGLE_APPLICATION_CREDENTIALS environment variable points to C:\Users\S-KIRAN\Desktop\socializer_credentials.json. Non-emulated services will access production using these credentials. Be careful!
[debug] [2020-01-24T17:18:36.447Z] [runtime-status] [10624] Resolved module firebase-functions {"declared":true,"installed":true,"version":"3.3.0","resolution":"F:\\socializer-functions\\functions\\node_modules\\firebase-functions\\lib\\index.js"}
[debug] [2020-01-24T17:18:37.831Z] [worker-~diagnostic~-78b21d6a-8abf-4984-b0d5-c72903831044]: IDLE
[debug] [2020-01-24T17:18:41.655Z] File F:\socializer-functions\functions\src\index.ts changed, reloading triggers
[debug] [2020-01-24T17:18:42.656Z] [worker-pool] Shutting down IDLE worker (~diagnostic~)
[debug] [2020-01-24T17:18:42.657Z] [worker-~diagnostic~-78b21d6a-8abf-4984-b0d5-c72903831044]: FINISHING
[debug] [2020-01-24T17:18:42.657Z] [worker-pool] Cleaned up workers for ~diagnostic~: 2 --> 1
[debug] [2020-01-24T17:18:42.775Z] [worker-pool] addWorker(~diagnostic~)
[debug] [2020-01-24T17:18:42.775Z] [worker-pool] Adding worker with key ~diagnostic~, total=2
[debug] [2020-01-24T17:18:42.775Z] [worker-pool] submitWork(triggerId=)
[debug] [2020-01-24T17:18:42.776Z] [worker-~diagnostic~-2cfc9a4b-5a31-43fb-9bf4-a8f58ac56a01]: Assigning socketPath: \\?\pipe\F:\socializer-functions\functions\9132
[debug] [2020-01-24T17:18:42.776Z] [worker-~diagnostic~-2cfc9a4b-5a31-43fb-9bf4-a8f58ac56a01]: BUSY
[debug] [2020-01-24T17:18:42.776Z] [worker-~diagnostic~-78b21d6a-8abf-4984-b0d5-c72903831044]: exited
[debug] [2020-01-24T17:18:42.776Z] [worker-~diagnostic~-78b21d6a-8abf-4984-b0d5-c72903831044]: FINISHED
[debug] [2020-01-24T17:18:43.610Z] [runtime-status] [9132] Functions runtime initialized. {"cwd":"F:\\socializer-functions\\functions","node_version":"10.15.3"}
[debug] [2020-01-24T17:18:43.614Z] [runtime-status] [9132] Disabled runtime features: {"functions_config_helper":true,"network_filtering":true,"timeout":true,"memory_limiting":true,"admin_stubs":true,"pubsub_emulator":true}
[debug] [2020-01-24T17:18:43.633Z] [runtime-status] [9132] Resolved module firebase-admin {"declared":true,"installed":true,"version":"8.9.1","resolution":"F:\\socializer-functions\\functions\\node_modules\\firebase-admin\\lib\\index.js"}
[debug] [2020-01-24T17:18:43.637Z] [runtime-status] [9132] Resolved module firebase-functions {"declared":true,"installed":true,"version":"3.3.0","resolution":"F:\\socializer-functions\\functions\\node_modules\\firebase-functions\\lib\\index.js"}
[warn] !  functions: Your GOOGLE_APPLICATION_CREDENTIALS environment variable points to C:\Users\S-KIRAN\Desktop\socializer_credentials.json. Non-emulated services will access production using these credentials. Be careful!
[debug] [2020-01-24T17:18:43.641Z] [runtime-status] [9132] Resolved module firebase-functions {"declared":true,"installed":true,"version":"3.3.0","resolution":"F:\\socializer-functions\\functions\\node_modules\\firebase-functions\\lib\\index.js"}
[debug] [2020-01-24T17:18:44.761Z] [worker-~diagnostic~-2cfc9a4b-5a31-43fb-9bf4-a8f58ac56a01]: IDLE
[debug] [2020-01-24T17:18:45.848Z] File F:\socializer-functions\functions\utils\admin.ts changed, reloading triggers
[debug] [2020-01-24T17:18:46.848Z] [worker-pool] Shutting down IDLE worker (~diagnostic~)
[debug] [2020-01-24T17:18:46.848Z] [worker-~diagnostic~-2cfc9a4b-5a31-43fb-9bf4-a8f58ac56a01]: FINISHING
[debug] [2020-01-24T17:18:46.849Z] [worker-pool] Cleaned up workers for ~diagnostic~: 2 --> 1
[debug] [2020-01-24T17:18:46.868Z] [worker-pool] addWorker(~diagnostic~)
[debug] [2020-01-24T17:18:46.869Z] [worker-pool] Adding worker with key ~diagnostic~, total=2
[debug] [2020-01-24T17:18:46.869Z] [worker-pool] submitWork(triggerId=)
[debug] [2020-01-24T17:18:46.869Z] [worker-~diagnostic~-84d7d77f-2d40-47be-b794-ae2b10b02474]: Assigning socketPath: \\?\pipe\F:\socializer-functions\functions\9520
[debug] [2020-01-24T17:18:46.869Z] [worker-~diagnostic~-84d7d77f-2d40-47be-b794-ae2b10b02474]: BUSY
[debug] [2020-01-24T17:18:46.869Z] [worker-~diagnostic~-2cfc9a4b-5a31-43fb-9bf4-a8f58ac56a01]: exited
[debug] [2020-01-24T17:18:46.869Z] [worker-~diagnostic~-2cfc9a4b-5a31-43fb-9bf4-a8f58ac56a01]: FINISHED
[debug] [2020-01-24T17:18:47.650Z] [runtime-status] [9520] Functions runtime initialized. {"cwd":"F:\\socializer-functions\\functions","node_version":"10.15.3"}
[debug] [2020-01-24T17:18:47.653Z] [runtime-status] [9520] Disabled runtime features: {"functions_config_helper":true,"network_filtering":true,"timeout":true,"memory_limiting":true,"admin_stubs":true,"pubsub_emulator":true}
[debug] [2020-01-24T17:18:47.657Z] [runtime-status] [9520] Resolved module firebase-admin {"declared":true,"installed":true,"version":"8.9.1","resolution":"F:\\socializer-functions\\functions\\node_modules\\firebase-admin\\lib\\index.js"}
[debug] [2020-01-24T17:18:47.660Z] [runtime-status] [9520] Resolved module firebase-functions {"declared":true,"installed":true,"version":"3.3.0","resolution":"F:\\socializer-functions\\functions\\node_modules\\firebase-functions\\lib\\index.js"}
[warn] !  functions: Your GOOGLE_APPLICATION_CREDENTIALS environment variable points to C:\Users\S-KIRAN\Desktop\socializer_credentials.json. Non-emulated services will access production using these credentials. Be careful!
[debug] [2020-01-24T17:18:47.661Z] [runtime-status] [9520] Resolved module firebase-functions {"declared":true,"installed":true,"version":"3.3.0","resolution":"F:\\socializer-functions\\functions\\node_modules\\firebase-functions\\lib\\index.js"}
[debug] [2020-01-24T17:18:48.949Z] [worker-~diagnostic~-84d7d77f-2d40-47be-b794-ae2b10b02474]: IDLE
[debug] [2020-01-24T17:19:24.511Z] File F:\socializer-functions\functions\src\index.ts changed, reloading triggers
[debug] [2020-01-24T17:19:25.513Z] [worker-pool] Shutting down IDLE worker (~diagnostic~)
[debug] [2020-01-24T17:19:25.513Z] [worker-~diagnostic~-84d7d77f-2d40-47be-b794-ae2b10b02474]: FINISHING
[debug] [2020-01-24T17:19:25.513Z] [worker-pool] Cleaned up workers for ~diagnostic~: 2 --> 1
[debug] [2020-01-24T17:19:25.527Z] [worker-pool] addWorker(~diagnostic~)
[debug] [2020-01-24T17:19:25.528Z] [worker-pool] Adding worker with key ~diagnostic~, total=2
[debug] [2020-01-24T17:19:25.528Z] [worker-pool] submitWork(triggerId=)
[debug] [2020-01-24T17:19:25.528Z] [worker-~diagnostic~-2859471b-2075-4b86-9c37-0a700f678aa7]: Assigning socketPath: \\?\pipe\F:\socializer-functions\functions\1216
[debug] [2020-01-24T17:19:25.528Z] [worker-~diagnostic~-2859471b-2075-4b86-9c37-0a700f678aa7]: BUSY
[debug] [2020-01-24T17:19:25.528Z] [worker-~diagnostic~-84d7d77f-2d40-47be-b794-ae2b10b02474]: exited
[debug] [2020-01-24T17:19:25.528Z] [worker-~diagnostic~-84d7d77f-2d40-47be-b794-ae2b10b02474]: FINISHED
[debug] [2020-01-24T17:19:26.270Z] [runtime-status] [1216] Functions runtime initialized. {"cwd":"F:\\socializer-functions\\functions","node_version":"10.15.3"}
[debug] [2020-01-24T17:19:26.273Z] [runtime-status] [1216] Disabled runtime features: {"functions_config_helper":true,"network_filtering":true,"timeout":true,"memory_limiting":true,"admin_stubs":true,"pubsub_emulator":true}
[debug] [2020-01-24T17:19:26.277Z] [runtime-status] [1216] Resolved module firebase-admin {"declared":true,"installed":true,"version":"8.9.1","resolution":"F:\\socializer-functions\\functions\\node_modules\\firebase-admin\\lib\\index.js"}
[debug] [2020-01-24T17:19:26.279Z] [runtime-status] [1216] Resolved module firebase-functions {"declared":true,"installed":true,"version":"3.3.0","resolution":"F:\\socializer-functions\\functions\\node_modules\\firebase-functions\\lib\\index.js"}
[warn] !  functions: Your GOOGLE_APPLICATION_CREDENTIALS environment variable points to C:\Users\S-KIRAN\Desktop\socializer_credentials.json. Non-emulated services will access production using these credentials. Be careful!
[debug] [2020-01-24T17:19:26.281Z] [runtime-status] [1216] Resolved module firebase-functions {"declared":true,"installed":true,"version":"3.3.0","resolution":"F:\\socializer-functions\\functions\\node_modules\\firebase-functions\\lib\\index.js"}
[debug] [2020-01-24T17:19:27.494Z] [worker-~diagnostic~-2859471b-2075-4b86-9c37-0a700f678aa7]: IDLE
[debug] [2020-01-24T17:19:55.865Z] File F:\socializer-functions\functions\handlers\posts.ts changed, reloading triggers
[debug] [2020-01-24T17:19:56.866Z] [worker-pool] Shutting down IDLE worker (~diagnostic~)
[debug] [2020-01-24T17:19:56.867Z] [worker-~diagnostic~-2859471b-2075-4b86-9c37-0a700f678aa7]: FINISHING
[debug] [2020-01-24T17:19:56.867Z] [worker-pool] Cleaned up workers for ~diagnostic~: 2 --> 1
[debug] [2020-01-24T17:19:56.882Z] [worker-pool] addWorker(~diagnostic~)
[debug] [2020-01-24T17:19:56.882Z] [worker-pool] Adding worker with key ~diagnostic~, total=2
[debug] [2020-01-24T17:19:56.882Z] [worker-pool] submitWork(triggerId=)
[debug] [2020-01-24T17:19:56.883Z] [worker-~diagnostic~-8140328b-f257-4ab4-9b6c-f65cb86aa940]: Assigning socketPath: \\?\pipe\F:\socializer-functions\functions\16260
[debug] [2020-01-24T17:19:56.883Z] [worker-~diagnostic~-8140328b-f257-4ab4-9b6c-f65cb86aa940]: BUSY
[debug] [2020-01-24T17:19:56.883Z] [worker-~diagnostic~-2859471b-2075-4b86-9c37-0a700f678aa7]: exited
[debug] [2020-01-24T17:19:56.883Z] [worker-~diagnostic~-2859471b-2075-4b86-9c37-0a700f678aa7]: FINISHED
[debug] [2020-01-24T17:19:57.562Z] [runtime-status] [16260] Functions runtime initialized. {"cwd":"F:\\socializer-functions\\functions","node_version":"10.15.3"}
[debug] [2020-01-24T17:19:57.566Z] [runtime-status] [16260] Disabled runtime features: {"functions_config_helper":true,"network_filtering":true,"timeout":true,"memory_limiting":true,"admin_stubs":true,"pubsub_emulator":true}
[debug] [2020-01-24T17:19:57.572Z] [runtime-status] [16260] Resolved module firebase-admin {"declared":true,"installed":true,"version":"8.9.1","resolution":"F:\\socializer-functions\\functions\\node_modules\\firebase-admin\\lib\\index.js"}
[debug] [2020-01-24T17:19:57.576Z] [runtime-status] [16260] Resolved module firebase-functions {"declared":true,"installed":true,"version":"3.3.0","resolution":"F:\\socializer-functions\\functions\\node_modules\\firebase-functions\\lib\\index.js"}
[warn] !  functions: Your GOOGLE_APPLICATION_CREDENTIALS environment variable points to C:\Users\S-KIRAN\Desktop\socializer_credentials.json. Non-emulated services will access production using these credentials. Be careful!
[debug] [2020-01-24T17:19:57.605Z] [runtime-status] [16260] Resolved module firebase-functions {"declared":true,"installed":true,"version":"3.3.0","resolution":"F:\\socializer-functions\\functions\\node_modules\\firebase-functions\\lib\\index.js"}
[debug] [2020-01-24T17:19:58.799Z] [worker-~diagnostic~-8140328b-f257-4ab4-9b6c-f65cb86aa940]: IDLE
[debug] [2020-01-24T17:19:59.003Z] File F:\socializer-functions\functions\handlers\posts.ts changed, reloading triggers
[debug] [2020-01-24T17:20:00.004Z] [worker-pool] Shutting down IDLE worker (~diagnostic~)
[debug] [2020-01-24T17:20:00.004Z] [worker-~diagnostic~-8140328b-f257-4ab4-9b6c-f65cb86aa940]: FINISHING
[debug] [2020-01-24T17:20:00.005Z] [worker-pool] Cleaned up workers for ~diagnostic~: 2 --> 1
[debug] [2020-01-24T17:20:00.020Z] [worker-pool] addWorker(~diagnostic~)
[debug] [2020-01-24T17:20:00.020Z] [worker-pool] Adding worker with key ~diagnostic~, total=2
[debug] [2020-01-24T17:20:00.020Z] [worker-pool] submitWork(triggerId=)
[debug] [2020-01-24T17:20:00.020Z] [worker-~diagnostic~-278c2b6a-7196-465a-ac2c-eb9b6b30613e]: Assigning socketPath: \\?\pipe\F:\socializer-functions\functions\4788
[debug] [2020-01-24T17:20:00.020Z] [worker-~diagnostic~-278c2b6a-7196-465a-ac2c-eb9b6b30613e]: BUSY
[debug] [2020-01-24T17:20:00.042Z] [worker-~diagnostic~-8140328b-f257-4ab4-9b6c-f65cb86aa940]: exited
[debug] [2020-01-24T17:20:00.042Z] [worker-~diagnostic~-8140328b-f257-4ab4-9b6c-f65cb86aa940]: FINISHED
[debug] [2020-01-24T17:20:00.860Z] [runtime-status] [4788] Functions runtime initialized. {"cwd":"F:\\socializer-functions\\functions","node_version":"10.15.3"}
[debug] [2020-01-24T17:20:00.863Z] [runtime-status] [4788] Disabled runtime features: {"functions_config_helper":true,"network_filtering":true,"timeout":true,"memory_limiting":true,"admin_stubs":true,"pubsub_emulator":true}
[debug] [2020-01-24T17:20:00.868Z] [runtime-status] [4788] Resolved module firebase-admin {"declared":true,"installed":true,"version":"8.9.1","resolution":"F:\\socializer-functions\\functions\\node_modules\\firebase-admin\\lib\\index.js"}
[debug] [2020-01-24T17:20:00.873Z] [runtime-status] [4788] Resolved module firebase-functions {"declared":true,"installed":true,"version":"3.3.0","resolution":"F:\\socializer-functions\\functions\\node_modules\\firebase-functions\\lib\\index.js"}
[warn] !  functions: Your GOOGLE_APPLICATION_CREDENTIALS environment variable points to C:\Users\S-KIRAN\Desktop\socializer_credentials.json. Non-emulated services will access production using these credentials. Be careful!
[debug] [2020-01-24T17:20:00.875Z] [runtime-status] [4788] Resolved module firebase-functions {"declared":true,"installed":true,"version":"3.3.0","resolution":"F:\\socializer-functions\\functions\\node_modules\\firebase-functions\\lib\\index.js"}
[debug] [2020-01-24T17:20:02.084Z] [worker-~diagnostic~-278c2b6a-7196-465a-ac2c-eb9b6b30613e]: IDLE
[debug] [2020-01-24T17:20:51.712Z] File F:\socializer-functions\functions\handlers\posts.ts changed, reloading triggers
[debug] [2020-01-24T17:20:52.714Z] [worker-pool] Shutting down IDLE worker (~diagnostic~)
[debug] [2020-01-24T17:20:52.714Z] [worker-~diagnostic~-278c2b6a-7196-465a-ac2c-eb9b6b30613e]: FINISHING
[debug] [2020-01-24T17:20:52.715Z] [worker-pool] Cleaned up workers for ~diagnostic~: 2 --> 1
[debug] [2020-01-24T17:20:52.730Z] [worker-pool] addWorker(~diagnostic~)
[debug] [2020-01-24T17:20:52.731Z] [worker-pool] Adding worker with key ~diagnostic~, total=2
[debug] [2020-01-24T17:20:52.731Z] [worker-pool] submitWork(triggerId=)
[debug] [2020-01-24T17:20:52.731Z] [worker-~diagnostic~-6ef1582e-cbc7-486b-a0c7-4a83fd7c4ebb]: Assigning socketPath: \\?\pipe\F:\socializer-functions\functions\1532
[debug] [2020-01-24T17:20:52.732Z] [worker-~diagnostic~-6ef1582e-cbc7-486b-a0c7-4a83fd7c4ebb]: BUSY
[debug] [2020-01-24T17:20:52.732Z] [worker-~diagnostic~-278c2b6a-7196-465a-ac2c-eb9b6b30613e]: exited
[debug] [2020-01-24T17:20:52.732Z] [worker-~diagnostic~-278c2b6a-7196-465a-ac2c-eb9b6b30613e]: FINISHED
[debug] [2020-01-24T17:20:53.637Z] [runtime-status] [1532] Functions runtime initialized. {"cwd":"F:\\socializer-functions\\functions","node_version":"10.15.3"}
[debug] [2020-01-24T17:20:53.640Z] [runtime-status] [1532] Disabled runtime features: {"functions_config_helper":true,"network_filtering":true,"timeout":true,"memory_limiting":true,"admin_stubs":true,"pubsub_emulator":true}
[debug] [2020-01-24T17:20:53.645Z] [runtime-status] [1532] Resolved module firebase-admin {"declared":true,"installed":true,"version":"8.9.1","resolution":"F:\\socializer-functions\\functions\\node_modules\\firebase-admin\\lib\\index.js"}
[debug] [2020-01-24T17:20:53.648Z] [runtime-status] [1532] Resolved module firebase-functions {"declared":true,"installed":true,"version":"3.3.0","resolution":"F:\\socializer-functions\\functions\\node_modules\\firebase-functions\\lib\\index.js"}
[warn] !  functions: Your GOOGLE_APPLICATION_CREDENTIALS environment variable points to C:\Users\S-KIRAN\Desktop\socializer_credentials.json. Non-emulated services will access production using these credentials. Be careful!
[debug] [2020-01-24T17:20:53.650Z] [runtime-status] [1532] Resolved module firebase-functions {"declared":true,"installed":true,"version":"3.3.0","resolution":"F:\\socializer-functions\\functions\\node_modules\\firebase-functions\\lib\\index.js"}
[debug] [2020-01-24T17:20:54.834Z] [worker-~diagnostic~-6ef1582e-cbc7-486b-a0c7-4a83fd7c4ebb]: IDLE
[debug] [2020-01-24T17:21:11.127Z] File F:\socializer-functions\functions\src\index.ts changed, reloading triggers
[debug] [2020-01-24T17:21:12.129Z] [worker-pool] Shutting down IDLE worker (~diagnostic~)
[debug] [2020-01-24T17:21:12.130Z] [worker-~diagnostic~-6ef1582e-cbc7-486b-a0c7-4a83fd7c4ebb]: FINISHING
[debug] [2020-01-24T17:21:12.130Z] [worker-pool] Cleaned up workers for ~diagnostic~: 2 --> 1
[debug] [2020-01-24T17:21:12.178Z] [worker-pool] addWorker(~diagnostic~)
[debug] [2020-01-24T17:21:12.178Z] [worker-pool] Adding worker with key ~diagnostic~, total=2
[debug] [2020-01-24T17:21:12.178Z] [worker-pool] submitWork(triggerId=)
[debug] [2020-01-24T17:21:12.178Z] [worker-~diagnostic~-3430c134-ba1b-4bfa-949d-f9b0806d5ffb]: Assigning socketPath: \\?\pipe\F:\socializer-functions\functions\10600
[debug] [2020-01-24T17:21:12.178Z] [worker-~diagnostic~-3430c134-ba1b-4bfa-949d-f9b0806d5ffb]: BUSY
[debug] [2020-01-24T17:21:12.247Z] [worker-~diagnostic~-6ef1582e-cbc7-486b-a0c7-4a83fd7c4ebb]: exited
[debug] [2020-01-24T17:21:12.247Z] [worker-~diagnostic~-6ef1582e-cbc7-486b-a0c7-4a83fd7c4ebb]: FINISHED
[debug] [2020-01-24T17:21:13.540Z] [runtime-status] [10600] Functions runtime initialized. {"cwd":"F:\\socializer-functions\\functions","node_version":"10.15.3"}
[debug] [2020-01-24T17:21:13.546Z] [runtime-status] [10600] Disabled runtime features: {"functions_config_helper":true,"network_filtering":true,"timeout":true,"memory_limiting":true,"admin_stubs":true,"pubsub_emulator":true}
[debug] [2020-01-24T17:21:13.551Z] [runtime-status] [10600] Resolved module firebase-admin {"declared":true,"installed":true,"version":"8.9.1","resolution":"F:\\socializer-functions\\functions\\node_modules\\firebase-admin\\lib\\index.js"}
[debug] [2020-01-24T17:21:13.554Z] [runtime-status] [10600] Resolved module firebase-functions {"declared":true,"installed":true,"version":"3.3.0","resolution":"F:\\socializer-functions\\functions\\node_modules\\firebase-functions\\lib\\index.js"}
[warn] !  functions: Your GOOGLE_APPLICATION_CREDENTIALS environment variable points to C:\Users\S-KIRAN\Desktop\socializer_credentials.json. Non-emulated services will access production using these credentials. Be careful!
[debug] [2020-01-24T17:21:13.555Z] [runtime-status] [10600] Resolved module firebase-functions {"declared":true,"installed":true,"version":"3.3.0","resolution":"F:\\socializer-functions\\functions\\node_modules\\firebase-functions\\lib\\index.js"}
[debug] [2020-01-24T17:21:15.337Z] [worker-~diagnostic~-3430c134-ba1b-4bfa-949d-f9b0806d5ffb]: IDLE
[debug] [2020-01-24T17:21:25.951Z] File F:\socializer-functions\functions\src\handlers\posts.ts changed, reloading triggers
[debug] [2020-01-24T17:21:26.952Z] [worker-pool] Shutting down IDLE worker (~diagnostic~)
[debug] [2020-01-24T17:21:26.952Z] [worker-~diagnostic~-3430c134-ba1b-4bfa-949d-f9b0806d5ffb]: FINISHING
[debug] [2020-01-24T17:21:26.952Z] [worker-pool] Cleaned up workers for ~diagnostic~: 2 --> 1
[debug] [2020-01-24T17:21:26.967Z] [worker-pool] addWorker(~diagnostic~)
[debug] [2020-01-24T17:21:26.967Z] [worker-pool] Adding worker with key ~diagnostic~, total=2
[debug] [2020-01-24T17:21:26.967Z] [worker-pool] submitWork(triggerId=)
[debug] [2020-01-24T17:21:26.967Z] [worker-~diagnostic~-8230265b-8481-4e86-b058-2ed69f8c1872]: Assigning socketPath: \\?\pipe\F:\socializer-functions\functions\15668
[debug] [2020-01-24T17:21:26.967Z] [worker-~diagnostic~-8230265b-8481-4e86-b058-2ed69f8c1872]: BUSY
[debug] [2020-01-24T17:21:26.968Z] [worker-~diagnostic~-3430c134-ba1b-4bfa-949d-f9b0806d5ffb]: exited
[debug] [2020-01-24T17:21:26.968Z] [worker-~diagnostic~-3430c134-ba1b-4bfa-949d-f9b0806d5ffb]: FINISHED
[debug] [2020-01-24T17:21:27.636Z] [runtime-status] [15668] Functions runtime initialized. {"cwd":"F:\\socializer-functions\\functions","node_version":"10.15.3"}
[debug] [2020-01-24T17:21:27.639Z] [runtime-status] [15668] Disabled runtime features: {"functions_config_helper":true,"network_filtering":true,"timeout":true,"memory_limiting":true,"admin_stubs":true,"pubsub_emulator":true}
[debug] [2020-01-24T17:21:27.643Z] [runtime-status] [15668] Resolved module firebase-admin {"declared":true,"installed":true,"version":"8.9.1","resolution":"F:\\socializer-functions\\functions\\node_modules\\firebase-admin\\lib\\index.js"}
[debug] [2020-01-24T17:21:27.647Z] [runtime-status] [15668] Resolved module firebase-functions {"declared":true,"installed":true,"version":"3.3.0","resolution":"F:\\socializer-functions\\functions\\node_modules\\firebase-functions\\lib\\index.js"}
[warn] !  functions: Your GOOGLE_APPLICATION_CREDENTIALS environment variable points to C:\Users\S-KIRAN\Desktop\socializer_credentials.json. Non-emulated services will access production using these credentials. Be careful!
[debug] [2020-01-24T17:21:27.649Z] [runtime-status] [15668] Resolved module firebase-functions {"declared":true,"installed":true,"version":"3.3.0","resolution":"F:\\socializer-functions\\functions\\node_modules\\firebase-functions\\lib\\index.js"}
[debug] [2020-01-24T17:21:28.821Z] [worker-~diagnostic~-8230265b-8481-4e86-b058-2ed69f8c1872]: IDLE
[debug] [2020-01-24T17:23:47.946Z] File F:\socializer-functions\functions\src\handlers\posts.ts changed, reloading triggers
[debug] [2020-01-24T17:23:49.009Z] [worker-pool] Shutting down IDLE worker (~diagnostic~)
[debug] [2020-01-24T17:23:49.009Z] [worker-~diagnostic~-8230265b-8481-4e86-b058-2ed69f8c1872]: FINISHING
[debug] [2020-01-24T17:23:49.009Z] [worker-pool] Cleaned up workers for ~diagnostic~: 2 --> 1
[debug] [2020-01-24T17:23:49.129Z] [worker-pool] addWorker(~diagnostic~)
[debug] [2020-01-24T17:23:49.129Z] [worker-pool] Adding worker with key ~diagnostic~, total=2
[debug] [2020-01-24T17:23:49.129Z] [worker-pool] submitWork(triggerId=)
[debug] [2020-01-24T17:23:49.129Z] [worker-~diagnostic~-212e8832-c79c-4f65-b242-5b8d6e9ae31f]: Assigning socketPath: \\?\pipe\F:\socializer-functions\functions\15392
[debug] [2020-01-24T17:23:49.129Z] [worker-~diagnostic~-212e8832-c79c-4f65-b242-5b8d6e9ae31f]: BUSY
[debug] [2020-01-24T17:23:49.243Z] [worker-~diagnostic~-8230265b-8481-4e86-b058-2ed69f8c1872]: exited
[debug] [2020-01-24T17:23:49.243Z] [worker-~diagnostic~-8230265b-8481-4e86-b058-2ed69f8c1872]: FINISHED
[debug] [2020-01-24T17:23:49.927Z] File F:\socializer-functions\functions\src\handlers\user.ts changed, reloading triggers
[debug] [2020-01-24T17:23:50.572Z] [runtime-status] [15392] Functions runtime initialized. {"cwd":"F:\\socializer-functions\\functions","node_version":"10.15.3"}
[debug] [2020-01-24T17:23:50.576Z] [runtime-status] [15392] Disabled runtime features: {"functions_config_helper":true,"network_filtering":true,"timeout":true,"memory_limiting":true,"admin_stubs":true,"pubsub_emulator":true}
[debug] [2020-01-24T17:23:50.583Z] [runtime-status] [15392] Resolved module firebase-admin {"declared":true,"installed":true,"version":"8.9.1","resolution":"F:\\socializer-functions\\functions\\node_modules\\firebase-admin\\lib\\index.js"}
[debug] [2020-01-24T17:23:50.585Z] [runtime-status] [15392] Resolved module firebase-functions {"declared":true,"installed":true,"version":"3.3.0","resolution":"F:\\socializer-functions\\functions\\node_modules\\firebase-functions\\lib\\index.js"}
[warn] !  functions: Your GOOGLE_APPLICATION_CREDENTIALS environment variable points to C:\Users\S-KIRAN\Desktop\socializer_credentials.json. Non-emulated services will access production using these credentials. Be careful!
[debug] [2020-01-24T17:23:50.610Z] [runtime-status] [15392] Resolved module firebase-functions {"declared":true,"installed":true,"version":"3.3.0","resolution":"F:\\socializer-functions\\functions\\node_modules\\firebase-functions\\lib\\index.js"}
[debug] [2020-01-24T17:23:50.927Z] [worker-pool] Marking BUSY worker to finish (~diagnostic~)
[debug] [2020-01-24T17:23:50.927Z] [worker-~diagnostic~-212e8832-c79c-4f65-b242-5b8d6e9ae31f]: FINISHING
[debug] [2020-01-24T17:23:50.927Z] [worker-pool] Cleaned up workers for ~diagnostic~: 2 --> 1
[debug] [2020-01-24T17:23:50.951Z] [worker-pool] addWorker(~diagnostic~)
[debug] [2020-01-24T17:23:50.951Z] [worker-pool] Adding worker with key ~diagnostic~, total=2
[debug] [2020-01-24T17:23:50.951Z] [worker-pool] submitWork(triggerId=)
[debug] [2020-01-24T17:23:50.951Z] [worker-~diagnostic~-d29e422f-eb42-4efe-8d9a-e7ca49bec5df]: Assigning socketPath: \\?\pipe\F:\socializer-functions\functions\14172
[debug] [2020-01-24T17:23:50.951Z] [worker-~diagnostic~-d29e422f-eb42-4efe-8d9a-e7ca49bec5df]: BUSY
[debug] [2020-01-24T17:23:52.158Z] [runtime-status] [14172] Functions runtime initialized. {"cwd":"F:\\socializer-functions\\functions","node_version":"10.15.3"}
[debug] [2020-01-24T17:23:52.162Z] [runtime-status] [14172] Disabled runtime features: {"functions_config_helper":true,"network_filtering":true,"timeout":true,"memory_limiting":true,"admin_stubs":true,"pubsub_emulator":true}
[debug] [2020-01-24T17:23:52.168Z] [runtime-status] [14172] Resolved module firebase-admin {"declared":true,"installed":true,"version":"8.9.1","resolution":"F:\\socializer-functions\\functions\\node_modules\\firebase-admin\\lib\\index.js"}
[debug] [2020-01-24T17:23:52.170Z] [runtime-status] [14172] Resolved module firebase-functions {"declared":true,"installed":true,"version":"3.3.0","resolution":"F:\\socializer-functions\\functions\\node_modules\\firebase-functions\\lib\\index.js"}
[warn] !  functions: Your GOOGLE_APPLICATION_CREDENTIALS environment variable points to C:\Users\S-KIRAN\Desktop\socializer_credentials.json. Non-emulated services will access production using these credentials. Be careful!
[debug] [2020-01-24T17:23:52.204Z] [runtime-status] [14172] Resolved module firebase-functions {"declared":true,"installed":true,"version":"3.3.0","resolution":"F:\\socializer-functions\\functions\\node_modules\\firebase-functions\\lib\\index.js"}
[debug] [2020-01-24T17:23:52.299Z] [worker-~diagnostic~-212e8832-c79c-4f65-b242-5b8d6e9ae31f]: IDLE --> FINISHING
[debug] [2020-01-24T17:23:52.319Z] [worker-~diagnostic~-212e8832-c79c-4f65-b242-5b8d6e9ae31f]: exited
[debug] [2020-01-24T17:23:52.319Z] [worker-~diagnostic~-212e8832-c79c-4f65-b242-5b8d6e9ae31f]: FINISHED
[debug] [2020-01-24T17:23:53.385Z] [worker-~diagnostic~-d29e422f-eb42-4efe-8d9a-e7ca49bec5df]: IDLE
[debug] [2020-01-24T17:24:21.280Z] File F:\socializer-functions\functions\src\index.ts changed, reloading triggers
[debug] [2020-01-24T17:24:22.281Z] [worker-pool] Shutting down IDLE worker (~diagnostic~)
[debug] [2020-01-24T17:24:22.281Z] [worker-~diagnostic~-d29e422f-eb42-4efe-8d9a-e7ca49bec5df]: FINISHING
[debug] [2020-01-24T17:24:22.281Z] [worker-pool] Cleaned up workers for ~diagnostic~: 2 --> 1
[debug] [2020-01-24T17:24:22.296Z] [worker-pool] addWorker(~diagnostic~)
[debug] [2020-01-24T17:24:22.296Z] [worker-pool] Adding worker with key ~diagnostic~, total=2
[debug] [2020-01-24T17:24:22.296Z] [worker-pool] submitWork(triggerId=)
[debug] [2020-01-24T17:24:22.296Z] [worker-~diagnostic~-414273d5-8bc8-43a6-aac7-1129c371b194]: Assigning socketPath: \\?\pipe\F:\socializer-functions\functions\7932
[debug] [2020-01-24T17:24:22.296Z] [worker-~diagnostic~-414273d5-8bc8-43a6-aac7-1129c371b194]: BUSY
[debug] [2020-01-24T17:24:22.297Z] [worker-~diagnostic~-d29e422f-eb42-4efe-8d9a-e7ca49bec5df]: exited
[debug] [2020-01-24T17:24:22.297Z] [worker-~diagnostic~-d29e422f-eb42-4efe-8d9a-e7ca49bec5df]: FINISHED
[debug] [2020-01-24T17:24:23.226Z] [runtime-status] [7932] Functions runtime initialized. {"cwd":"F:\\socializer-functions\\functions","node_version":"10.15.3"}
[debug] [2020-01-24T17:24:23.230Z] [runtime-status] [7932] Disabled runtime features: {"functions_config_helper":true,"network_filtering":true,"timeout":true,"memory_limiting":true,"admin_stubs":true,"pubsub_emulator":true}
[debug] [2020-01-24T17:24:23.235Z] [runtime-status] [7932] Resolved module firebase-admin {"declared":true,"installed":true,"version":"8.9.1","resolution":"F:\\socializer-functions\\functions\\node_modules\\firebase-admin\\lib\\index.js"}
[debug] [2020-01-24T17:24:23.238Z] [runtime-status] [7932] Resolved module firebase-functions {"declared":true,"installed":true,"version":"3.3.0","resolution":"F:\\socializer-functions\\functions\\node_modules\\firebase-functions\\lib\\index.js"}
[warn] !  functions: Your GOOGLE_APPLICATION_CREDENTIALS environment variable points to C:\Users\S-KIRAN\Desktop\socializer_credentials.json. Non-emulated services will access production using these credentials. Be careful!
[debug] [2020-01-24T17:24:23.256Z] [runtime-status] [7932] Resolved module firebase-functions {"declared":true,"installed":true,"version":"3.3.0","resolution":"F:\\socializer-functions\\functions\\node_modules\\firebase-functions\\lib\\index.js"}
[debug] [2020-01-24T17:24:24.785Z] [worker-~diagnostic~-414273d5-8bc8-43a6-aac7-1129c371b194]: IDLE
[debug] [2020-01-24T17:24:34.679Z] File F:\socializer-functions\functions\src\handlers\posts.ts changed, reloading triggers
[debug] [2020-01-24T17:24:35.679Z] [worker-pool] Shutting down IDLE worker (~diagnostic~)
[debug] [2020-01-24T17:24:35.679Z] [worker-~diagnostic~-414273d5-8bc8-43a6-aac7-1129c371b194]: FINISHING
[debug] [2020-01-24T17:24:35.680Z] [worker-pool] Cleaned up workers for ~diagnostic~: 2 --> 1
[debug] [2020-01-24T17:24:35.712Z] [worker-pool] addWorker(~diagnostic~)
[debug] [2020-01-24T17:24:35.712Z] [worker-pool] Adding worker with key ~diagnostic~, total=2
[debug] [2020-01-24T17:24:35.712Z] [worker-pool] submitWork(triggerId=)
[debug] [2020-01-24T17:24:35.712Z] [worker-~diagnostic~-c44249fd-0499-414e-88e2-48dbb006ce48]: Assigning socketPath: \\?\pipe\F:\socializer-functions\functions\8916
[debug] [2020-01-24T17:24:35.712Z] [worker-~diagnostic~-c44249fd-0499-414e-88e2-48dbb006ce48]: BUSY
[debug] [2020-01-24T17:24:35.713Z] [worker-~diagnostic~-414273d5-8bc8-43a6-aac7-1129c371b194]: exited
[debug] [2020-01-24T17:24:35.713Z] [worker-~diagnostic~-414273d5-8bc8-43a6-aac7-1129c371b194]: FINISHED
[debug] [2020-01-24T17:24:36.587Z] [runtime-status] [8916] Functions runtime initialized. {"cwd":"F:\\socializer-functions\\functions","node_version":"10.15.3"}
[debug] [2020-01-24T17:24:36.591Z] [runtime-status] [8916] Disabled runtime features: {"functions_config_helper":true,"network_filtering":true,"timeout":true,"memory_limiting":true,"admin_stubs":true,"pubsub_emulator":true}
[debug] [2020-01-24T17:24:36.596Z] [runtime-status] [8916] Resolved module firebase-admin {"declared":true,"installed":true,"version":"8.9.1","resolution":"F:\\socializer-functions\\functions\\node_modules\\firebase-admin\\lib\\index.js"}
[debug] [2020-01-24T17:24:36.599Z] [runtime-status] [8916] Resolved module firebase-functions {"declared":true,"installed":true,"version":"3.3.0","resolution":"F:\\socializer-functions\\functions\\node_modules\\firebase-functions\\lib\\index.js"}
[warn] !  functions: Your GOOGLE_APPLICATION_CREDENTIALS environment variable points to C:\Users\S-KIRAN\Desktop\socializer_credentials.json. Non-emulated services will access production using these credentials. Be careful!
[debug] [2020-01-24T17:24:36.601Z] [runtime-status] [8916] Resolved module firebase-functions {"declared":true,"installed":true,"version":"3.3.0","resolution":"F:\\socializer-functions\\functions\\node_modules\\firebase-functions\\lib\\index.js"}
[debug] [2020-01-24T17:24:38.303Z] [worker-~diagnostic~-c44249fd-0499-414e-88e2-48dbb006ce48]: IDLE
[debug] [2020-01-24T17:24:49.341Z] File F:\socializer-functions\functions\src\index.ts changed, reloading triggers
[debug] [2020-01-24T17:24:50.343Z] [worker-pool] Shutting down IDLE worker (~diagnostic~)
[debug] [2020-01-24T17:24:50.343Z] [worker-~diagnostic~-c44249fd-0499-414e-88e2-48dbb006ce48]: FINISHING
[debug] [2020-01-24T17:24:50.344Z] [worker-pool] Cleaned up workers for ~diagnostic~: 2 --> 1
[debug] [2020-01-24T17:24:50.364Z] [worker-pool] addWorker(~diagnostic~)
[debug] [2020-01-24T17:24:50.365Z] [worker-pool] Adding worker with key ~diagnostic~, total=2
[debug] [2020-01-24T17:24:50.365Z] [worker-pool] submitWork(triggerId=)
[debug] [2020-01-24T17:24:50.365Z] [worker-~diagnostic~-f2c44839-1a52-461f-be3f-88a3146bba78]: Assigning socketPath: \\?\pipe\F:\socializer-functions\functions\7828
[debug] [2020-01-24T17:24:50.365Z] [worker-~diagnostic~-f2c44839-1a52-461f-be3f-88a3146bba78]: BUSY
[debug] [2020-01-24T17:24:50.366Z] [worker-~diagnostic~-c44249fd-0499-414e-88e2-48dbb006ce48]: exited
[debug] [2020-01-24T17:24:50.366Z] [worker-~diagnostic~-c44249fd-0499-414e-88e2-48dbb006ce48]: FINISHED
[debug] [2020-01-24T17:24:51.171Z] [runtime-status] [7828] Functions runtime initialized. {"cwd":"F:\\socializer-functions\\functions","node_version":"10.15.3"}
[debug] [2020-01-24T17:24:51.182Z] [runtime-status] [7828] Disabled runtime features: {"functions_config_helper":true,"network_filtering":true,"timeout":true,"memory_limiting":true,"admin_stubs":true,"pubsub_emulator":true}
[debug] [2020-01-24T17:24:51.187Z] [runtime-status] [7828] Resolved module firebase-admin {"declared":true,"installed":true,"version":"8.9.1","resolution":"F:\\socializer-functions\\functions\\node_modules\\firebase-admin\\lib\\index.js"}
[debug] [2020-01-24T17:24:51.194Z] [runtime-status] [7828] Resolved module firebase-functions {"declared":true,"installed":true,"version":"3.3.0","resolution":"F:\\socializer-functions\\functions\\node_modules\\firebase-functions\\lib\\index.js"}
[warn] !  functions: Your GOOGLE_APPLICATION_CREDENTIALS environment variable points to C:\Users\S-KIRAN\Desktop\socializer_credentials.json. Non-emulated services will access production using these credentials. Be careful!
[debug] [2020-01-24T17:24:51.215Z] [runtime-status] [7828] Resolved module firebase-functions {"declared":true,"installed":true,"version":"3.3.0","resolution":"F:\\socializer-functions\\functions\\node_modules\\firebase-functions\\lib\\index.js"}
[debug] [2020-01-24T17:24:52.532Z] [worker-~diagnostic~-f2c44839-1a52-461f-be3f-88a3146bba78]: IDLE
[debug] [2020-01-24T17:25:13.990Z] File F:\socializer-functions\functions\src\handlers\posts.ts changed, reloading triggers
[debug] [2020-01-24T17:25:14.991Z] [worker-pool] Shutting down IDLE worker (~diagnostic~)
[debug] [2020-01-24T17:25:14.992Z] [worker-~diagnostic~-f2c44839-1a52-461f-be3f-88a3146bba78]: FINISHING
[debug] [2020-01-24T17:25:14.992Z] [worker-pool] Cleaned up workers for ~diagnostic~: 2 --> 1
[debug] [2020-01-24T17:25:15.009Z] [worker-pool] addWorker(~diagnostic~)
[debug] [2020-01-24T17:25:15.009Z] [worker-pool] Adding worker with key ~diagnostic~, total=2
[debug] [2020-01-24T17:25:15.009Z] [worker-pool] submitWork(triggerId=)
[debug] [2020-01-24T17:25:15.009Z] [worker-~diagnostic~-a25f3e97-023c-4886-bf14-923d4f8d13aa]: Assigning socketPath: \\?\pipe\F:\socializer-functions\functions\3672
[debug] [2020-01-24T17:25:15.009Z] [worker-~diagnostic~-a25f3e97-023c-4886-bf14-923d4f8d13aa]: BUSY
[debug] [2020-01-24T17:25:15.009Z] [worker-~diagnostic~-f2c44839-1a52-461f-be3f-88a3146bba78]: exited
[debug] [2020-01-24T17:25:15.010Z] [worker-~diagnostic~-f2c44839-1a52-461f-be3f-88a3146bba78]: FINISHED
[debug] [2020-01-24T17:25:15.689Z] [runtime-status] [3672] Functions runtime initialized. {"cwd":"F:\\socializer-functions\\functions","node_version":"10.15.3"}
[debug] [2020-01-24T17:25:15.692Z] [runtime-status] [3672] Disabled runtime features: {"functions_config_helper":true,"network_filtering":true,"timeout":true,"memory_limiting":true,"admin_stubs":true,"pubsub_emulator":true}
[debug] [2020-01-24T17:25:15.696Z] [runtime-status] [3672] Resolved module firebase-admin {"declared":true,"installed":true,"version":"8.9.1","resolution":"F:\\socializer-functions\\functions\\node_modules\\firebase-admin\\lib\\index.js"}
[debug] [2020-01-24T17:25:15.698Z] [runtime-status] [3672] Resolved module firebase-functions {"declared":true,"installed":true,"version":"3.3.0","resolution":"F:\\socializer-functions\\functions\\node_modules\\firebase-functions\\lib\\index.js"}
[warn] !  functions: Your GOOGLE_APPLICATION_CREDENTIALS environment variable points to C:\Users\S-KIRAN\Desktop\socializer_credentials.json. Non-emulated services will access production using these credentials. Be careful!
[debug] [2020-01-24T17:25:15.700Z] [runtime-status] [3672] Resolved module firebase-functions {"declared":true,"installed":true,"version":"3.3.0","resolution":"F:\\socializer-functions\\functions\\node_modules\\firebase-functions\\lib\\index.js"}
[debug] [2020-01-24T17:25:16.828Z] [worker-~diagnostic~-a25f3e97-023c-4886-bf14-923d4f8d13aa]: IDLE
[debug] [2020-01-24T17:26:22.344Z] File F:\socializer-functions\functions\src\utils\tokenAuth.ts changed, reloading triggers
[debug] [2020-01-24T17:26:23.344Z] [worker-pool] Shutting down IDLE worker (~diagnostic~)
[debug] [2020-01-24T17:26:23.344Z] [worker-~diagnostic~-a25f3e97-023c-4886-bf14-923d4f8d13aa]: FINISHING
[debug] [2020-01-24T17:26:23.345Z] [worker-pool] Cleaned up workers for ~diagnostic~: 2 --> 1
[debug] [2020-01-24T17:26:23.362Z] [worker-pool] addWorker(~diagnostic~)
[debug] [2020-01-24T17:26:23.363Z] [worker-pool] Adding worker with key ~diagnostic~, total=2
[debug] [2020-01-24T17:26:23.363Z] [worker-pool] submitWork(triggerId=)
[debug] [2020-01-24T17:26:23.363Z] [worker-~diagnostic~-c23fb41d-aeb8-4d03-b594-27f8ce06839d]: Assigning socketPath: \\?\pipe\F:\socializer-functions\functions\11728
[debug] [2020-01-24T17:26:23.363Z] [worker-~diagnostic~-c23fb41d-aeb8-4d03-b594-27f8ce06839d]: BUSY
[debug] [2020-01-24T17:26:23.363Z] [worker-~diagnostic~-a25f3e97-023c-4886-bf14-923d4f8d13aa]: exited
[debug] [2020-01-24T17:26:23.363Z] [worker-~diagnostic~-a25f3e97-023c-4886-bf14-923d4f8d13aa]: FINISHED
[debug] [2020-01-24T17:26:24.136Z] [runtime-status] [11728] Functions runtime initialized. {"cwd":"F:\\socializer-functions\\functions","node_version":"10.15.3"}
[debug] [2020-01-24T17:26:24.141Z] [runtime-status] [11728] Disabled runtime features: {"functions_config_helper":true,"network_filtering":true,"timeout":true,"memory_limiting":true,"admin_stubs":true,"pubsub_emulator":true}
[debug] [2020-01-24T17:26:24.145Z] [runtime-status] [11728] Resolved module firebase-admin {"declared":true,"installed":true,"version":"8.9.1","resolution":"F:\\socializer-functions\\functions\\node_modules\\firebase-admin\\lib\\index.js"}
[debug] [2020-01-24T17:26:24.147Z] [runtime-status] [11728] Resolved module firebase-functions {"declared":true,"installed":true,"version":"3.3.0","resolution":"F:\\socializer-functions\\functions\\node_modules\\firebase-functions\\lib\\index.js"}
[warn] !  functions: Your GOOGLE_APPLICATION_CREDENTIALS environment variable points to C:\Users\S-KIRAN\Desktop\socializer_credentials.json. Non-emulated services will access production using these credentials. Be careful!
[debug] [2020-01-24T17:26:24.149Z] [runtime-status] [11728] Resolved module firebase-functions {"declared":true,"installed":true,"version":"3.3.0","resolution":"F:\\socializer-functions\\functions\\node_modules\\firebase-functions\\lib\\index.js"}
[debug] [2020-01-24T17:26:25.534Z] [worker-~diagnostic~-c23fb41d-aeb8-4d03-b594-27f8ce06839d]: IDLE
[debug] [2020-01-24T17:26:39.932Z] File F:\socializer-functions\functions\src\index.ts changed, reloading triggers
[debug] [2020-01-24T17:26:40.932Z] [worker-pool] Shutting down IDLE worker (~diagnostic~)
[debug] [2020-01-24T17:26:40.932Z] [worker-~diagnostic~-c23fb41d-aeb8-4d03-b594-27f8ce06839d]: FINISHING
[debug] [2020-01-24T17:26:40.933Z] [worker-pool] Cleaned up workers for ~diagnostic~: 2 --> 1
[debug] [2020-01-24T17:26:40.947Z] [worker-pool] addWorker(~diagnostic~)
[debug] [2020-01-24T17:26:40.947Z] [worker-pool] Adding worker with key ~diagnostic~, total=2
[debug] [2020-01-24T17:26:40.947Z] [worker-pool] submitWork(triggerId=)
[debug] [2020-01-24T17:26:40.947Z] [worker-~diagnostic~-ffd9ae8c-6ab6-418f-acd3-6b6afce0f78d]: Assigning socketPath: \\?\pipe\F:\socializer-functions\functions\15380
[debug] [2020-01-24T17:26:40.947Z] [worker-~diagnostic~-ffd9ae8c-6ab6-418f-acd3-6b6afce0f78d]: BUSY
[debug] [2020-01-24T17:26:40.948Z] [worker-~diagnostic~-c23fb41d-aeb8-4d03-b594-27f8ce06839d]: exited
[debug] [2020-01-24T17:26:40.948Z] [worker-~diagnostic~-c23fb41d-aeb8-4d03-b594-27f8ce06839d]: FINISHED
[debug] [2020-01-24T17:26:41.855Z] [runtime-status] [15380] Functions runtime initialized. {"cwd":"F:\\socializer-functions\\functions","node_version":"10.15.3"}
[debug] [2020-01-24T17:26:41.858Z] [runtime-status] [15380] Disabled runtime features: {"functions_config_helper":true,"network_filtering":true,"timeout":true,"memory_limiting":true,"admin_stubs":true,"pubsub_emulator":true}
[debug] [2020-01-24T17:26:41.883Z] [runtime-status] [15380] Resolved module firebase-admin {"declared":true,"installed":true,"version":"8.9.1","resolution":"F:\\socializer-functions\\functions\\node_modules\\firebase-admin\\lib\\index.js"}
[debug] [2020-01-24T17:26:41.886Z] [runtime-status] [15380] Resolved module firebase-functions {"declared":true,"installed":true,"version":"3.3.0","resolution":"F:\\socializer-functions\\functions\\node_modules\\firebase-functions\\lib\\index.js"}
[warn] !  functions: Your GOOGLE_APPLICATION_CREDENTIALS environment variable points to C:\Users\S-KIRAN\Desktop\socializer_credentials.json. Non-emulated services will access production using these credentials. Be careful!
[debug] [2020-01-24T17:26:41.910Z] [runtime-status] [15380] Resolved module firebase-functions {"declared":true,"installed":true,"version":"3.3.0","resolution":"F:\\socializer-functions\\functions\\node_modules\\firebase-functions\\lib\\index.js"}
[debug] [2020-01-24T17:26:43.192Z] [worker-~diagnostic~-ffd9ae8c-6ab6-418f-acd3-6b6afce0f78d]: IDLE
[debug] [2020-01-24T17:27:21.425Z] File F:\socializer-functions\functions\src\utils\tokenAuth.ts changed, reloading triggers
[debug] [2020-01-24T17:27:22.425Z] [worker-pool] Shutting down IDLE worker (~diagnostic~)
[debug] [2020-01-24T17:27:22.425Z] [worker-~diagnostic~-ffd9ae8c-6ab6-418f-acd3-6b6afce0f78d]: FINISHING
[debug] [2020-01-24T17:27:22.425Z] [worker-pool] Cleaned up workers for ~diagnostic~: 2 --> 1
[debug] [2020-01-24T17:27:22.442Z] [worker-pool] addWorker(~diagnostic~)
[debug] [2020-01-24T17:27:22.442Z] [worker-pool] Adding worker with key ~diagnostic~, total=2
[debug] [2020-01-24T17:27:22.442Z] [worker-pool] submitWork(triggerId=)
[debug] [2020-01-24T17:27:22.442Z] [worker-~diagnostic~-616521f0-2cf7-482b-91b6-8d98a2ba5806]: Assigning socketPath: \\?\pipe\F:\socializer-functions\functions\14224
[debug] [2020-01-24T17:27:22.442Z] [worker-~diagnostic~-616521f0-2cf7-482b-91b6-8d98a2ba5806]: BUSY
[debug] [2020-01-24T17:27:22.443Z] [worker-~diagnostic~-ffd9ae8c-6ab6-418f-acd3-6b6afce0f78d]: exited
[debug] [2020-01-24T17:27:22.443Z] [worker-~diagnostic~-ffd9ae8c-6ab6-418f-acd3-6b6afce0f78d]: FINISHED
[debug] [2020-01-24T17:27:23.135Z] [runtime-status] [14224] Functions runtime initialized. {"cwd":"F:\\socializer-functions\\functions","node_version":"10.15.3"}
[debug] [2020-01-24T17:27:23.139Z] [runtime-status] [14224] Disabled runtime features: {"functions_config_helper":true,"network_filtering":true,"timeout":true,"memory_limiting":true,"admin_stubs":true,"pubsub_emulator":true}
[debug] [2020-01-24T17:27:23.145Z] [runtime-status] [14224] Resolved module firebase-admin {"declared":true,"installed":true,"version":"8.9.1","resolution":"F:\\socializer-functions\\functions\\node_modules\\firebase-admin\\lib\\index.js"}
[debug] [2020-01-24T17:27:23.147Z] [runtime-status] [14224] Resolved module firebase-functions {"declared":true,"installed":true,"version":"3.3.0","resolution":"F:\\socializer-functions\\functions\\node_modules\\firebase-functions\\lib\\index.js"}
[warn] !  functions: Your GOOGLE_APPLICATION_CREDENTIALS environment variable points to C:\Users\S-KIRAN\Desktop\socializer_credentials.json. Non-emulated services will access production using these credentials. Be careful!
[debug] [2020-01-24T17:27:23.150Z] [runtime-status] [14224] Resolved module firebase-functions {"declared":true,"installed":true,"version":"3.3.0","resolution":"F:\\socializer-functions\\functions\\node_modules\\firebase-functions\\lib\\index.js"}
[debug] [2020-01-24T17:27:24.371Z] [worker-~diagnostic~-616521f0-2cf7-482b-91b6-8d98a2ba5806]: IDLE
[debug] [2020-01-24T17:27:45.549Z] File F:\socializer-functions\functions\src\index.ts changed, reloading triggers
[debug] [2020-01-24T17:27:46.550Z] [worker-pool] Shutting down IDLE worker (~diagnostic~)
[debug] [2020-01-24T17:27:46.551Z] [worker-~diagnostic~-616521f0-2cf7-482b-91b6-8d98a2ba5806]: FINISHING
[debug] [2020-01-24T17:27:46.551Z] [worker-pool] Cleaned up workers for ~diagnostic~: 2 --> 1
[debug] [2020-01-24T17:27:46.572Z] [worker-pool] addWorker(~diagnostic~)
[debug] [2020-01-24T17:27:46.572Z] [worker-pool] Adding worker with key ~diagnostic~, total=2
[debug] [2020-01-24T17:27:46.573Z] [worker-pool] submitWork(triggerId=)
[debug] [2020-01-24T17:27:46.573Z] [worker-~diagnostic~-7f9390f8-4896-40b3-a651-de65954d5172]: Assigning socketPath: \\?\pipe\F:\socializer-functions\functions\14324
[debug] [2020-01-24T17:27:46.573Z] [worker-~diagnostic~-7f9390f8-4896-40b3-a651-de65954d5172]: BUSY
[debug] [2020-01-24T17:27:46.573Z] [worker-~diagnostic~-616521f0-2cf7-482b-91b6-8d98a2ba5806]: exited
[debug] [2020-01-24T17:27:46.573Z] [worker-~diagnostic~-616521f0-2cf7-482b-91b6-8d98a2ba5806]: FINISHED
[debug] [2020-01-24T17:27:47.453Z] [runtime-status] [14324] Functions runtime initialized. {"cwd":"F:\\socializer-functions\\functions","node_version":"10.15.3"}
[debug] [2020-01-24T17:27:47.456Z] [runtime-status] [14324] Disabled runtime features: {"functions_config_helper":true,"network_filtering":true,"timeout":true,"memory_limiting":true,"admin_stubs":true,"pubsub_emulator":true}
[debug] [2020-01-24T17:27:47.460Z] [runtime-status] [14324] Resolved module firebase-admin {"declared":true,"installed":true,"version":"8.9.1","resolution":"F:\\socializer-functions\\functions\\node_modules\\firebase-admin\\lib\\index.js"}
[debug] [2020-01-24T17:27:47.468Z] [runtime-status] [14324] Resolved module firebase-functions {"declared":true,"installed":true,"version":"3.3.0","resolution":"F:\\socializer-functions\\functions\\node_modules\\firebase-functions\\lib\\index.js"}
[warn] !  functions: Your GOOGLE_APPLICATION_CREDENTIALS environment variable points to C:\Users\S-KIRAN\Desktop\socializer_credentials.json. Non-emulated services will access production using these credentials. Be careful!
[debug] [2020-01-24T17:27:47.485Z] [runtime-status] [14324] Resolved module firebase-functions {"declared":true,"installed":true,"version":"3.3.0","resolution":"F:\\socializer-functions\\functions\\node_modules\\firebase-functions\\lib\\index.js"}
[debug] [2020-01-24T17:27:48.825Z] [worker-~diagnostic~-7f9390f8-4896-40b3-a651-de65954d5172]: IDLE
[debug] [2020-01-24T17:28:18.845Z] File F:\socializer-functions\functions\src\handlers\user.ts changed, reloading triggers
[debug] [2020-01-24T17:28:19.846Z] [worker-pool] Shutting down IDLE worker (~diagnostic~)
[debug] [2020-01-24T17:28:19.846Z] [worker-~diagnostic~-7f9390f8-4896-40b3-a651-de65954d5172]: FINISHING
[debug] [2020-01-24T17:28:19.846Z] [worker-pool] Cleaned up workers for ~diagnostic~: 2 --> 1
[debug] [2020-01-24T17:28:19.861Z] [worker-pool] addWorker(~diagnostic~)
[debug] [2020-01-24T17:28:19.861Z] [worker-pool] Adding worker with key ~diagnostic~, total=2
[debug] [2020-01-24T17:28:19.861Z] [worker-pool] submitWork(triggerId=)
[debug] [2020-01-24T17:28:19.861Z] [worker-~diagnostic~-d82f71c8-1474-43a1-be4d-c4b1537ae58b]: Assigning socketPath: \\?\pipe\F:\socializer-functions\functions\9072
[debug] [2020-01-24T17:28:19.861Z] [worker-~diagnostic~-d82f71c8-1474-43a1-be4d-c4b1537ae58b]: BUSY
[debug] [2020-01-24T17:28:19.862Z] [worker-~diagnostic~-7f9390f8-4896-40b3-a651-de65954d5172]: exited
[debug] [2020-01-24T17:28:19.862Z] [worker-~diagnostic~-7f9390f8-4896-40b3-a651-de65954d5172]: FINISHED
[debug] [2020-01-24T17:28:20.589Z] [runtime-status] [9072] Functions runtime initialized. {"cwd":"F:\\socializer-functions\\functions","node_version":"10.15.3"}
[debug] [2020-01-24T17:28:20.592Z] [runtime-status] [9072] Disabled runtime features: {"functions_config_helper":true,"network_filtering":true,"timeout":true,"memory_limiting":true,"admin_stubs":true,"pubsub_emulator":true}
[debug] [2020-01-24T17:28:20.597Z] [runtime-status] [9072] Resolved module firebase-admin {"declared":true,"installed":true,"version":"8.9.1","resolution":"F:\\socializer-functions\\functions\\node_modules\\firebase-admin\\lib\\index.js"}
[debug] [2020-01-24T17:28:20.599Z] [runtime-status] [9072] Resolved module firebase-functions {"declared":true,"installed":true,"version":"3.3.0","resolution":"F:\\socializer-functions\\functions\\node_modules\\firebase-functions\\lib\\index.js"}
[warn] !  functions: Your GOOGLE_APPLICATION_CREDENTIALS environment variable points to C:\Users\S-KIRAN\Desktop\socializer_credentials.json. Non-emulated services will access production using these credentials. Be careful!
[debug] [2020-01-24T17:28:20.601Z] [runtime-status] [9072] Resolved module firebase-functions {"declared":true,"installed":true,"version":"3.3.0","resolution":"F:\\socializer-functions\\functions\\node_modules\\firebase-functions\\lib\\index.js"}
[debug] [2020-01-24T17:28:21.836Z] [worker-~diagnostic~-d82f71c8-1474-43a1-be4d-c4b1537ae58b]: IDLE
[debug] [2020-01-24T17:28:40.571Z] File F:\socializer-functions\functions\src\index.ts changed, reloading triggers
[debug] [2020-01-24T17:28:41.571Z] [worker-pool] Shutting down IDLE worker (~diagnostic~)
[debug] [2020-01-24T17:28:41.572Z] [worker-~diagnostic~-d82f71c8-1474-43a1-be4d-c4b1537ae58b]: FINISHING
[debug] [2020-01-24T17:28:41.572Z] [worker-pool] Cleaned up workers for ~diagnostic~: 2 --> 1
[debug] [2020-01-24T17:28:41.588Z] [worker-pool] addWorker(~diagnostic~)
[debug] [2020-01-24T17:28:41.588Z] [worker-pool] Adding worker with key ~diagnostic~, total=2
[debug] [2020-01-24T17:28:41.588Z] [worker-pool] submitWork(triggerId=)
[debug] [2020-01-24T17:28:41.588Z] [worker-~diagnostic~-22fd3e0f-b7f0-40c8-bc8f-34fbc93852f0]: Assigning socketPath: \\?\pipe\F:\socializer-functions\functions\12044
[debug] [2020-01-24T17:28:41.588Z] [worker-~diagnostic~-22fd3e0f-b7f0-40c8-bc8f-34fbc93852f0]: BUSY
[debug] [2020-01-24T17:28:41.589Z] [worker-~diagnostic~-d82f71c8-1474-43a1-be4d-c4b1537ae58b]: exited
[debug] [2020-01-24T17:28:41.589Z] [worker-~diagnostic~-d82f71c8-1474-43a1-be4d-c4b1537ae58b]: FINISHED
[debug] [2020-01-24T17:28:42.453Z] [runtime-status] [12044] Functions runtime initialized. {"cwd":"F:\\socializer-functions\\functions","node_version":"10.15.3"}
[debug] [2020-01-24T17:28:42.511Z] [runtime-status] [12044] Disabled runtime features: {"functions_config_helper":true,"network_filtering":true,"timeout":true,"memory_limiting":true,"admin_stubs":true,"pubsub_emulator":true}
[debug] [2020-01-24T17:28:42.525Z] [runtime-status] [12044] Resolved module firebase-admin {"declared":true,"installed":true,"version":"8.9.1","resolution":"F:\\socializer-functions\\functions\\node_modules\\firebase-admin\\lib\\index.js"}
[debug] [2020-01-24T17:28:42.528Z] [runtime-status] [12044] Resolved module firebase-functions {"declared":true,"installed":true,"version":"3.3.0","resolution":"F:\\socializer-functions\\functions\\node_modules\\firebase-functions\\lib\\index.js"}
[warn] !  functions: Your GOOGLE_APPLICATION_CREDENTIALS environment variable points to C:\Users\S-KIRAN\Desktop\socializer_credentials.json. Non-emulated services will access production using these credentials. Be careful!
[debug] [2020-01-24T17:28:42.649Z] [runtime-status] [12044] Resolved module firebase-functions {"declared":true,"installed":true,"version":"3.3.0","resolution":"F:\\socializer-functions\\functions\\node_modules\\firebase-functions\\lib\\index.js"}
[debug] [2020-01-24T17:28:44.051Z] [worker-~diagnostic~-22fd3e0f-b7f0-40c8-bc8f-34fbc93852f0]: IDLE
[debug] [2020-01-24T17:28:50.864Z] File F:\socializer-functions\functions\src\handlers\user.ts changed, reloading triggers
[debug] [2020-01-24T17:28:51.866Z] [worker-pool] Shutting down IDLE worker (~diagnostic~)
[debug] [2020-01-24T17:28:51.866Z] [worker-~diagnostic~-22fd3e0f-b7f0-40c8-bc8f-34fbc93852f0]: FINISHING
[debug] [2020-01-24T17:28:51.866Z] [worker-pool] Cleaned up workers for ~diagnostic~: 2 --> 1
[debug] [2020-01-24T17:28:51.885Z] [worker-pool] addWorker(~diagnostic~)
[debug] [2020-01-24T17:28:51.885Z] [worker-pool] Adding worker with key ~diagnostic~, total=2
[debug] [2020-01-24T17:28:51.885Z] [worker-pool] submitWork(triggerId=)
[debug] [2020-01-24T17:28:51.885Z] [worker-~diagnostic~-8ff544cc-e16b-438c-8b28-a32eb19abfc9]: Assigning socketPath: \\?\pipe\F:\socializer-functions\functions\7232
[debug] [2020-01-24T17:28:51.885Z] [worker-~diagnostic~-8ff544cc-e16b-438c-8b28-a32eb19abfc9]: BUSY
[debug] [2020-01-24T17:28:51.885Z] [worker-~diagnostic~-22fd3e0f-b7f0-40c8-bc8f-34fbc93852f0]: exited
[debug] [2020-01-24T17:28:51.885Z] [worker-~diagnostic~-22fd3e0f-b7f0-40c8-bc8f-34fbc93852f0]: FINISHED
[debug] [2020-01-24T17:28:52.631Z] [runtime-status] [7232] Functions runtime initialized. {"cwd":"F:\\socializer-functions\\functions","node_version":"10.15.3"}
[debug] [2020-01-24T17:28:52.634Z] [runtime-status] [7232] Disabled runtime features: {"functions_config_helper":true,"network_filtering":true,"timeout":true,"memory_limiting":true,"admin_stubs":true,"pubsub_emulator":true}
[debug] [2020-01-24T17:28:52.638Z] [runtime-status] [7232] Resolved module firebase-admin {"declared":true,"installed":true,"version":"8.9.1","resolution":"F:\\socializer-functions\\functions\\node_modules\\firebase-admin\\lib\\index.js"}
[debug] [2020-01-24T17:28:52.640Z] [runtime-status] [7232] Resolved module firebase-functions {"declared":true,"installed":true,"version":"3.3.0","resolution":"F:\\socializer-functions\\functions\\node_modules\\firebase-functions\\lib\\index.js"}
[warn] !  functions: Your GOOGLE_APPLICATION_CREDENTIALS environment variable points to C:\Users\S-KIRAN\Desktop\socializer_credentials.json. Non-emulated services will access production using these credentials. Be careful!
[debug] [2020-01-24T17:28:52.642Z] [runtime-status] [7232] Resolved module firebase-functions {"declared":true,"installed":true,"version":"3.3.0","resolution":"F:\\socializer-functions\\functions\\node_modules\\firebase-functions\\lib\\index.js"}
[debug] [2020-01-24T17:28:53.701Z] [worker-~diagnostic~-8ff544cc-e16b-438c-8b28-a32eb19abfc9]: IDLE
[debug] [2020-01-24T17:29:27.528Z] File F:\socializer-functions\functions\src\handlers\user.ts changed, reloading triggers
[debug] [2020-01-24T17:29:28.530Z] [worker-pool] Shutting down IDLE worker (~diagnostic~)
[debug] [2020-01-24T17:29:28.530Z] [worker-~diagnostic~-8ff544cc-e16b-438c-8b28-a32eb19abfc9]: FINISHING
[debug] [2020-01-24T17:29:28.530Z] [worker-pool] Cleaned up workers for ~diagnostic~: 2 --> 1
[debug] [2020-01-24T17:29:28.552Z] [worker-pool] addWorker(~diagnostic~)
[debug] [2020-01-24T17:29:28.553Z] [worker-pool] Adding worker with key ~diagnostic~, total=2
[debug] [2020-01-24T17:29:28.553Z] [worker-pool] submitWork(triggerId=)
[debug] [2020-01-24T17:29:28.553Z] [worker-~diagnostic~-63d7670c-5dab-49a1-b204-d302015fec1e]: Assigning socketPath: \\?\pipe\F:\socializer-functions\functions\5928
[debug] [2020-01-24T17:29:28.553Z] [worker-~diagnostic~-63d7670c-5dab-49a1-b204-d302015fec1e]: BUSY
[debug] [2020-01-24T17:29:28.553Z] [worker-~diagnostic~-8ff544cc-e16b-438c-8b28-a32eb19abfc9]: exited
[debug] [2020-01-24T17:29:28.554Z] [worker-~diagnostic~-8ff544cc-e16b-438c-8b28-a32eb19abfc9]: FINISHED
[debug] [2020-01-24T17:29:29.232Z] [runtime-status] [5928] Functions runtime initialized. {"cwd":"F:\\socializer-functions\\functions","node_version":"10.15.3"}
[debug] [2020-01-24T17:29:29.236Z] [runtime-status] [5928] Disabled runtime features: {"functions_config_helper":true,"network_filtering":true,"timeout":true,"memory_limiting":true,"admin_stubs":true,"pubsub_emulator":true}
[debug] [2020-01-24T17:29:29.241Z] [runtime-status] [5928] Resolved module firebase-admin {"declared":true,"installed":true,"version":"8.9.1","resolution":"F:\\socializer-functions\\functions\\node_modules\\firebase-admin\\lib\\index.js"}
[debug] [2020-01-24T17:29:29.243Z] [runtime-status] [5928] Resolved module firebase-functions {"declared":true,"installed":true,"version":"3.3.0","resolution":"F:\\socializer-functions\\functions\\node_modules\\firebase-functions\\lib\\index.js"}
[warn] !  functions: Your GOOGLE_APPLICATION_CREDENTIALS environment variable points to C:\Users\S-KIRAN\Desktop\socializer_credentials.json. Non-emulated services will access production using these credentials. Be careful!
[debug] [2020-01-24T17:29:29.245Z] [runtime-status] [5928] Resolved module firebase-functions {"declared":true,"installed":true,"version":"3.3.0","resolution":"F:\\socializer-functions\\functions\\node_modules\\firebase-functions\\lib\\index.js"}
[debug] [2020-01-24T17:29:30.388Z] [worker-~diagnostic~-63d7670c-5dab-49a1-b204-d302015fec1e]: IDLE
[debug] [2020-01-24T17:29:47.712Z] File F:\socializer-functions\functions\src\index.ts changed, reloading triggers
[debug] [2020-01-24T17:29:48.713Z] [worker-pool] Shutting down IDLE worker (~diagnostic~)
[debug] [2020-01-24T17:29:48.713Z] [worker-~diagnostic~-63d7670c-5dab-49a1-b204-d302015fec1e]: FINISHING
[debug] [2020-01-24T17:29:48.714Z] [worker-pool] Cleaned up workers for ~diagnostic~: 2 --> 1
[debug] [2020-01-24T17:29:48.731Z] [worker-pool] addWorker(~diagnostic~)
[debug] [2020-01-24T17:29:48.731Z] [worker-pool] Adding worker with key ~diagnostic~, total=2
[debug] [2020-01-24T17:29:48.731Z] [worker-pool] submitWork(triggerId=)
[debug] [2020-01-24T17:29:48.731Z] [worker-~diagnostic~-2464a789-3088-4cc2-b900-78246a09c356]: Assigning socketPath: \\?\pipe\F:\socializer-functions\functions\15060
[debug] [2020-01-24T17:29:48.731Z] [worker-~diagnostic~-2464a789-3088-4cc2-b900-78246a09c356]: BUSY
[debug] [2020-01-24T17:29:48.732Z] [worker-~diagnostic~-63d7670c-5dab-49a1-b204-d302015fec1e]: exited
[debug] [2020-01-24T17:29:48.732Z] [worker-~diagnostic~-63d7670c-5dab-49a1-b204-d302015fec1e]: FINISHED
[debug] [2020-01-24T17:29:49.454Z] [runtime-status] [15060] Functions runtime initialized. {"cwd":"F:\\socializer-functions\\functions","node_version":"10.15.3"}
[debug] [2020-01-24T17:29:49.457Z] [runtime-status] [15060] Disabled runtime features: {"functions_config_helper":true,"network_filtering":true,"timeout":true,"memory_limiting":true,"admin_stubs":true,"pubsub_emulator":true}
[debug] [2020-01-24T17:29:49.462Z] [runtime-status] [15060] Resolved module firebase-admin {"declared":true,"installed":true,"version":"8.9.1","resolution":"F:\\socializer-functions\\functions\\node_modules\\firebase-admin\\lib\\index.js"}
[debug] [2020-01-24T17:29:49.464Z] [runtime-status] [15060] Resolved module firebase-functions {"declared":true,"installed":true,"version":"3.3.0","resolution":"F:\\socializer-functions\\functions\\node_modules\\firebase-functions\\lib\\index.js"}
[warn] !  functions: Your GOOGLE_APPLICATION_CREDENTIALS environment variable points to C:\Users\S-KIRAN\Desktop\socializer_credentials.json. Non-emulated services will access production using these credentials. Be careful!
[debug] [2020-01-24T17:29:49.466Z] [runtime-status] [15060] Resolved module firebase-functions {"declared":true,"installed":true,"version":"3.3.0","resolution":"F:\\socializer-functions\\functions\\node_modules\\firebase-functions\\lib\\index.js"}
[debug] [2020-01-24T17:29:50.588Z] [worker-~diagnostic~-2464a789-3088-4cc2-b900-78246a09c356]: IDLE
[debug] [2020-01-24T17:30:00.117Z] File F:\socializer-functions\functions\src\handlers\user.ts changed, reloading triggers
[debug] [2020-01-24T17:30:01.117Z] [worker-pool] Shutting down IDLE worker (~diagnostic~)
[debug] [2020-01-24T17:30:01.117Z] [worker-~diagnostic~-2464a789-3088-4cc2-b900-78246a09c356]: FINISHING
[debug] [2020-01-24T17:30:01.117Z] [worker-pool] Cleaned up workers for ~diagnostic~: 2 --> 1
[debug] [2020-01-24T17:30:01.139Z] [worker-pool] addWorker(~diagnostic~)
[debug] [2020-01-24T17:30:01.139Z] [worker-pool] Adding worker with key ~diagnostic~, total=2
[debug] [2020-01-24T17:30:01.139Z] [worker-pool] submitWork(triggerId=)
[debug] [2020-01-24T17:30:01.139Z] [worker-~diagnostic~-bb66b349-0dd1-42f8-ace4-861dfeccd2fe]: Assigning socketPath: \\?\pipe\F:\socializer-functions\functions\3752
[debug] [2020-01-24T17:30:01.139Z] [worker-~diagnostic~-bb66b349-0dd1-42f8-ace4-861dfeccd2fe]: BUSY
[debug] [2020-01-24T17:30:01.151Z] [worker-~diagnostic~-2464a789-3088-4cc2-b900-78246a09c356]: exited
[debug] [2020-01-24T17:30:01.151Z] [worker-~diagnostic~-2464a789-3088-4cc2-b900-78246a09c356]: FINISHED
[debug] [2020-01-24T17:30:01.815Z] [runtime-status] [3752] Functions runtime initialized. {"cwd":"F:\\socializer-functions\\functions","node_version":"10.15.3"}
[debug] [2020-01-24T17:30:01.818Z] [runtime-status] [3752] Disabled runtime features: {"functions_config_helper":true,"network_filtering":true,"timeout":true,"memory_limiting":true,"admin_stubs":true,"pubsub_emulator":true}
[debug] [2020-01-24T17:30:01.823Z] [runtime-status] [3752] Resolved module firebase-admin {"declared":true,"installed":true,"version":"8.9.1","resolution":"F:\\socializer-functions\\functions\\node_modules\\firebase-admin\\lib\\index.js"}
[debug] [2020-01-24T17:30:01.835Z] [runtime-status] [3752] Resolved module firebase-functions {"declared":true,"installed":true,"version":"3.3.0","resolution":"F:\\socializer-functions\\functions\\node_modules\\firebase-functions\\lib\\index.js"}
[warn] !  functions: Your GOOGLE_APPLICATION_CREDENTIALS environment variable points to C:\Users\S-KIRAN\Desktop\socializer_credentials.json. Non-emulated services will access production using these credentials. Be careful!
[debug] [2020-01-24T17:30:01.857Z] [runtime-status] [3752] Resolved module firebase-functions {"declared":true,"installed":true,"version":"3.3.0","resolution":"F:\\socializer-functions\\functions\\node_modules\\firebase-functions\\lib\\index.js"}
[debug] [2020-01-24T17:30:03.362Z] [worker-~diagnostic~-bb66b349-0dd1-42f8-ace4-861dfeccd2fe]: IDLE
[debug] [2020-01-24T17:30:11.332Z] File F:\socializer-functions\functions\src\index.ts changed, reloading triggers
[debug] [2020-01-24T17:30:12.332Z] [worker-pool] Shutting down IDLE worker (~diagnostic~)
[debug] [2020-01-24T17:30:12.332Z] [worker-~diagnostic~-bb66b349-0dd1-42f8-ace4-861dfeccd2fe]: FINISHING
[debug] [2020-01-24T17:30:12.333Z] [worker-pool] Cleaned up workers for ~diagnostic~: 2 --> 1
[debug] [2020-01-24T17:30:12.350Z] [worker-pool] addWorker(~diagnostic~)
[debug] [2020-01-24T17:30:12.350Z] [worker-pool] Adding worker with key ~diagnostic~, total=2
[debug] [2020-01-24T17:30:12.350Z] [worker-pool] submitWork(triggerId=)
[debug] [2020-01-24T17:30:12.351Z] [worker-~diagnostic~-9a04d300-506a-4572-940b-1c63815d18be]: Assigning socketPath: \\?\pipe\F:\socializer-functions\functions\12172
[debug] [2020-01-24T17:30:12.351Z] [worker-~diagnostic~-9a04d300-506a-4572-940b-1c63815d18be]: BUSY
[debug] [2020-01-24T17:30:12.351Z] [worker-~diagnostic~-bb66b349-0dd1-42f8-ace4-861dfeccd2fe]: exited
[debug] [2020-01-24T17:30:12.351Z] [worker-~diagnostic~-bb66b349-0dd1-42f8-ace4-861dfeccd2fe]: FINISHED
[debug] [2020-01-24T17:30:13.325Z] [runtime-status] [12172] Functions runtime initialized. {"cwd":"F:\\socializer-functions\\functions","node_version":"10.15.3"}
[debug] [2020-01-24T17:30:13.331Z] [runtime-status] [12172] Disabled runtime features: {"functions_config_helper":true,"network_filtering":true,"timeout":true,"memory_limiting":true,"admin_stubs":true,"pubsub_emulator":true}
[debug] [2020-01-24T17:30:13.336Z] [runtime-status] [12172] Resolved module firebase-admin {"declared":true,"installed":true,"version":"8.9.1","resolution":"F:\\socializer-functions\\functions\\node_modules\\firebase-admin\\lib\\index.js"}
[debug] [2020-01-24T17:30:13.347Z] [runtime-status] [12172] Resolved module firebase-functions {"declared":true,"installed":true,"version":"3.3.0","resolution":"F:\\socializer-functions\\functions\\node_modules\\firebase-functions\\lib\\index.js"}
[warn] !  functions: Your GOOGLE_APPLICATION_CREDENTIALS environment variable points to C:\Users\S-KIRAN\Desktop\socializer_credentials.json. Non-emulated services will access production using these credentials. Be careful!
[debug] [2020-01-24T17:30:13.385Z] [runtime-status] [12172] Resolved module firebase-functions {"declared":true,"installed":true,"version":"3.3.0","resolution":"F:\\socializer-functions\\functions\\node_modules\\firebase-functions\\lib\\index.js"}
[debug] [2020-01-24T17:30:14.500Z] [worker-~diagnostic~-9a04d300-506a-4572-940b-1c63815d18be]: IDLE
[debug] [2020-01-24T17:30:31.383Z] File F:\socializer-functions\functions\src\handlers\user.ts changed, reloading triggers
[debug] [2020-01-24T17:30:32.383Z] [worker-pool] Shutting down IDLE worker (~diagnostic~)
[debug] [2020-01-24T17:30:32.383Z] [worker-~diagnostic~-9a04d300-506a-4572-940b-1c63815d18be]: FINISHING
[debug] [2020-01-24T17:30:32.384Z] [worker-pool] Cleaned up workers for ~diagnostic~: 2 --> 1
[debug] [2020-01-24T17:30:32.404Z] [worker-pool] addWorker(~diagnostic~)
[debug] [2020-01-24T17:30:32.405Z] [worker-pool] Adding worker with key ~diagnostic~, total=2
[debug] [2020-01-24T17:30:32.405Z] [worker-pool] submitWork(triggerId=)
[debug] [2020-01-24T17:30:32.405Z] [worker-~diagnostic~-eaf49cc7-488f-444c-ae3d-8e1e105e663b]: Assigning socketPath: \\?\pipe\F:\socializer-functions\functions\7016
[debug] [2020-01-24T17:30:32.405Z] [worker-~diagnostic~-eaf49cc7-488f-444c-ae3d-8e1e105e663b]: BUSY
[debug] [2020-01-24T17:30:32.405Z] [worker-~diagnostic~-9a04d300-506a-4572-940b-1c63815d18be]: exited
[debug] [2020-01-24T17:30:32.405Z] [worker-~diagnostic~-9a04d300-506a-4572-940b-1c63815d18be]: FINISHED
[debug] [2020-01-24T17:30:33.105Z] [runtime-status] [7016] Functions runtime initialized. {"cwd":"F:\\socializer-functions\\functions","node_version":"10.15.3"}
[debug] [2020-01-24T17:30:33.108Z] [runtime-status] [7016] Disabled runtime features: {"functions_config_helper":true,"network_filtering":true,"timeout":true,"memory_limiting":true,"admin_stubs":true,"pubsub_emulator":true}
[debug] [2020-01-24T17:30:33.114Z] [runtime-status] [7016] Resolved module firebase-admin {"declared":true,"installed":true,"version":"8.9.1","resolution":"F:\\socializer-functions\\functions\\node_modules\\firebase-admin\\lib\\index.js"}
[debug] [2020-01-24T17:30:33.117Z] [runtime-status] [7016] Resolved module firebase-functions {"declared":true,"installed":true,"version":"3.3.0","resolution":"F:\\socializer-functions\\functions\\node_modules\\firebase-functions\\lib\\index.js"}
[warn] !  functions: Your GOOGLE_APPLICATION_CREDENTIALS environment variable points to C:\Users\S-KIRAN\Desktop\socializer_credentials.json. Non-emulated services will access production using these credentials. Be careful!
[debug] [2020-01-24T17:30:33.119Z] [runtime-status] [7016] Resolved module firebase-functions {"declared":true,"installed":true,"version":"3.3.0","resolution":"F:\\socializer-functions\\functions\\node_modules\\firebase-functions\\lib\\index.js"}
[debug] [2020-01-24T17:30:34.518Z] [worker-~diagnostic~-eaf49cc7-488f-444c-ae3d-8e1e105e663b]: IDLE
[debug] [2020-01-24T17:30:51.671Z] File F:\socializer-functions\functions\src\index.ts changed, reloading triggers
[debug] [2020-01-24T17:30:52.671Z] [worker-pool] Shutting down IDLE worker (~diagnostic~)
[debug] [2020-01-24T17:30:52.671Z] [worker-~diagnostic~-eaf49cc7-488f-444c-ae3d-8e1e105e663b]: FINISHING
[debug] [2020-01-24T17:30:52.671Z] [worker-pool] Cleaned up workers for ~diagnostic~: 2 --> 1
[debug] [2020-01-24T17:30:52.688Z] [worker-pool] addWorker(~diagnostic~)
[debug] [2020-01-24T17:30:52.688Z] [worker-pool] Adding worker with key ~diagnostic~, total=2
[debug] [2020-01-24T17:30:52.688Z] [worker-pool] submitWork(triggerId=)
[debug] [2020-01-24T17:30:52.688Z] [worker-~diagnostic~-7a42f116-e290-4133-b225-9bbe69b02323]: Assigning socketPath: \\?\pipe\F:\socializer-functions\functions\5728
[debug] [2020-01-24T17:30:52.689Z] [worker-~diagnostic~-7a42f116-e290-4133-b225-9bbe69b02323]: BUSY
[debug] [2020-01-24T17:30:52.689Z] [worker-~diagnostic~-eaf49cc7-488f-444c-ae3d-8e1e105e663b]: exited
[debug] [2020-01-24T17:30:52.689Z] [worker-~diagnostic~-eaf49cc7-488f-444c-ae3d-8e1e105e663b]: FINISHED
[debug] [2020-01-24T17:30:53.341Z] [runtime-status] [5728] Functions runtime initialized. {"cwd":"F:\\socializer-functions\\functions","node_version":"10.15.3"}
[debug] [2020-01-24T17:30:53.344Z] [runtime-status] [5728] Disabled runtime features: {"functions_config_helper":true,"network_filtering":true,"timeout":true,"memory_limiting":true,"admin_stubs":true,"pubsub_emulator":true}
[debug] [2020-01-24T17:30:53.349Z] [runtime-status] [5728] Resolved module firebase-admin {"declared":true,"installed":true,"version":"8.9.1","resolution":"F:\\socializer-functions\\functions\\node_modules\\firebase-admin\\lib\\index.js"}
[debug] [2020-01-24T17:30:53.352Z] [runtime-status] [5728] Resolved module firebase-functions {"declared":true,"installed":true,"version":"3.3.0","resolution":"F:\\socializer-functions\\functions\\node_modules\\firebase-functions\\lib\\index.js"}
[warn] !  functions: Your GOOGLE_APPLICATION_CREDENTIALS environment variable points to C:\Users\S-KIRAN\Desktop\socializer_credentials.json. Non-emulated services will access production using these credentials. Be careful!
[debug] [2020-01-24T17:30:53.357Z] [runtime-status] [5728] Resolved module firebase-functions {"declared":true,"installed":true,"version":"3.3.0","resolution":"F:\\socializer-functions\\functions\\node_modules\\firebase-functions\\lib\\index.js"}
[debug] [2020-01-24T17:30:54.544Z] [worker-~diagnostic~-7a42f116-e290-4133-b225-9bbe69b02323]: IDLE
